<?xml version="1.0" encoding="UTF-8"?>
<testsuite name="ClientThreadTest" tests="6" skipped="0" failures="0" errors="0" timestamp="2019-11-27T21:17:43" hostname="Hantaos-MacBook-Pro.local" time="0.457">
  <properties/>
  <testcase name="testDisconnect" classname="ClientThreadTest" time="0.053"/>
  <testcase name="test" classname="ClientThreadTest" time="0.057"/>
  <testcase name="testConnect1" classname="ClientThreadTest" time="0.012"/>
  <testcase name="testConnect2" classname="ClientThreadTest" time="0.004"/>
  <testcase name="testMessage" classname="ClientThreadTest" time="0.111"/>
  <testcase name="testRequest" classname="ClientThreadTest" time="0.147"/>
  <system-out><![CDATA[Client is starting
Thread is running
ConnectResponse{success=true, msgSize=23, message=[83, 117, 99, 99, 101, 115, 115, 102, 117, 108, 108, 121, 32, 67, 111, 110, 110, 101, 99, 116, 101, 100, 33]}
ConnectResponse{success=true, msgSize=23, message=[83, 117, 99, 99, 101, 115, 115, 102, 117, 108, 108, 121, 32, 67, 111, 110, 110, 101, 99, 116, 101, 100, 33]}
]]></system-out>
  <system-err><![CDATA[Exception.BadMessageException: Bad Connection message 
	at Server.ClientThread.run(ClientThread.java:65)
	at java.lang.Thread.run(Thread.java:748)
Exception.BadMessageException: Bad Connection message 
	at Server.ClientThread.run(ClientThread.java:65)
	at java.lang.Thread.run(Thread.java:748)
Exception.BadMessageException: You have to connect first
	at Server.ClientThread.run(ClientThread.java:72)
	at java.lang.Thread.run(Thread.java:748)
java.io.EOFException
	at java.io.ObjectInputStream$BlockDataInputStream.peekByte(ObjectInputStream.java:2950)
	at java.io.ObjectInputStream.readObject0(ObjectInputStream.java:1534)
	at java.io.ObjectInputStream.readObject(ObjectInputStream.java:427)
	at Server.UserInputRequestThread.run(UserInputRequestThread.java:24)
	at java.lang.Thread.run(Thread.java:748)
java.io.EOFException
	at java.io.ObjectInputStream$BlockDataInputStream.peekByte(ObjectInputStream.java:2950)
	at java.io.ObjectInputStream.readObject0(ObjectInputStream.java:1534)
	at java.io.ObjectInputStream.readObject(ObjectInputStream.java:427)
	at Server.UserInputRequestThread.run(UserInputRequestThread.java:24)
	at java.lang.Thread.run(Thread.java:748)
java.io.EOFException
	at java.io.ObjectInputStream$BlockDataInputStream.peekByte(ObjectInputStream.java:2950)
	at java.io.ObjectInputStream.readObject0(ObjectInputStream.java:1534)
	at java.io.ObjectInputStream.readObject(ObjectInputStream.java:427)
	at Server.UserInputRequestThread.run(UserInputRequestThread.java:24)
	at java.lang.Thread.run(Thread.java:748)
java.io.EOFException
	at java.io.ObjectInputStream$BlockDataInputStream.peekByte(ObjectInputStream.java:2950)
	at java.io.ObjectInputStream.readObject0(ObjectInputStream.java:1534)
	at java.io.ObjectInputStream.readObject(ObjectInputStream.java:427)
	at Server.UserInputRequestThread.run(UserInputRequestThread.java:24)
	at java.lang.Thread.run(Thread.java:748)
java.io.EOFException
	at java.io.ObjectInputStream$BlockDataInputStream.peekByte(ObjectInputStream.java:2950)
	at java.io.ObjectInputStream.readObject0(ObjectInputStream.java:1534)
	at java.io.ObjectInputStream.readObject(ObjectInputStream.java:427)
	at Server.UserInputRequestThread.run(UserInputRequestThread.java:24)
	at java.lang.Thread.run(Thread.java:748)
java.io.EOFException
	at java.io.ObjectInputStream$BlockDataInputStream.peekByte(ObjectInputStream.java:2950)
	at java.io.ObjectInputStream.readObject0(ObjectInputStream.java:1534)
	at java.io.ObjectInputStream.readObject(ObjectInputStream.java:427)
	at Server.UserInputRequestThread.run(UserInputRequestThread.java:24)
	at java.lang.Thread.run(Thread.java:748)
java.net.SocketException: Broken pipe (Write failed)
	at java.net.SocketOutputStream.socketWrite0(Native Method)
	at java.net.SocketOutputStream.socketWrite(SocketOutputStream.java:111)
	at java.net.SocketOutputStream.write(SocketOutputStream.java:155)
	at java.io.ObjectOutputStream$BlockDataOutputStream.drain(ObjectOutputStream.java:1877)
	at java.io.ObjectOutputStream$BlockDataOutputStream.setBlockDataMode(ObjectOutputStream.java:1786)
	at java.io.ObjectOutputStream.writeNonProxyDesc(ObjectOutputStream.java:1286)
	at java.io.ObjectOutputStream.writeClassDesc(ObjectOutputStream.java:1231)
	at java.io.ObjectOutputStream.writeOrdinaryObject(ObjectOutputStream.java:1427)
	at java.io.ObjectOutputStream.writeObject0(ObjectOutputStream.java:1178)
	at java.io.ObjectOutputStream.writeFatalException(ObjectOutputStream.java:1577)
	at java.io.ObjectOutputStream.writeObject(ObjectOutputStream.java:351)
	at Server.ClientThread.handleClient(ClientThread.java:104)
	at Server.ClientThread.run(ClientThread.java:76)
	at java.lang.Thread.run(Thread.java:748)
	Suppressed: java.net.SocketException: Broken pipe (Write failed)
		at java.net.SocketOutputStream.socketWrite0(Native Method)
		at java.net.SocketOutputStream.socketWrite(SocketOutputStream.java:111)
		at java.net.SocketOutputStream.write(SocketOutputStream.java:155)
		at java.io.ObjectOutputStream$BlockDataOutputStream.drain(ObjectOutputStream.java:1877)
		at java.io.ObjectOutputStream$BlockDataOutputStream.flush(ObjectOutputStream.java:1822)
		at java.io.ObjectOutputStream.flush(ObjectOutputStream.java:719)
		at java.io.ObjectOutputStream.close(ObjectOutputStream.java:740)
		at Server.ClientThread.run(ClientThread.java:79)
		... 1 more
java.io.EOFException
	at java.io.ObjectInputStream$BlockDataInputStream.peekByte(ObjectInputStream.java:2950)
	at java.io.ObjectInputStream.readObject0(ObjectInputStream.java:1534)
	at java.io.ObjectInputStream.readObject(ObjectInputStream.java:427)
	at Server.UserInputRequestThread.run(UserInputRequestThread.java:24)
	at java.lang.Thread.run(Thread.java:748)
java.io.EOFException
	at java.io.ObjectInputStream$BlockDataInputStream.peekByte(ObjectInputStream.java:2950)
	at java.io.ObjectInputStream.readObject0(ObjectInputStream.java:1534)
	at java.io.ObjectInputStream.readObject(ObjectInputStream.java:427)
	at Server.UserInputRequestThread.run(UserInputRequestThread.java:24)
	at java.lang.Thread.run(Thread.java:748)
java.io.EOFException
	at java.io.ObjectInputStream$BlockDataInputStream.peekByte(ObjectInputStream.java:2950)
	at java.io.ObjectInputStream.readObject0(ObjectInputStream.java:1534)
	at java.io.ObjectInputStream.readObject(ObjectInputStream.java:427)
	at Server.UserInputRequestThread.run(UserInputRequestThread.java:24)
	at java.lang.Thread.run(Thread.java:748)
java.io.EOFException
	at java.io.ObjectInputStream$BlockDataInputStream.peekByte(ObjectInputStream.java:2950)
	at java.io.ObjectInputStream.readObject0(ObjectInputStream.java:1534)
	at java.io.ObjectInputStream.readObject(ObjectInputStream.java:427)
	at Server.UserInputRequestThread.run(UserInputRequestThread.java:24)
	at java.lang.Thread.run(Thread.java:748)
java.io.EOFException
	at java.io.ObjectInputStream$BlockDataInputStream.peekByte(ObjectInputStream.java:2950)
	at java.io.ObjectInputStream.readObject0(ObjectInputStream.java:1534)
	at java.io.ObjectInputStream.readObject(ObjectInputStream.java:427)
	at Server.UserInputRequestThread.run(UserInputRequestThread.java:24)
	at java.lang.Thread.run(Thread.java:748)
java.io.EOFException
	at java.io.ObjectInputStream$BlockDataInputStream.peekByte(ObjectInputStream.java:2950)
	at java.io.ObjectInputStream.readObject0(ObjectInputStream.java:1534)
	at java.io.ObjectInputStream.readObject(ObjectInputStream.java:427)
	at Server.UserInputRequestThread.run(UserInputRequestThread.java:24)
	at java.lang.Thread.run(Thread.java:748)
java.io.EOFException
	at java.io.ObjectInputStream$BlockDataInputStream.peekByte(ObjectInputStream.java:2950)
	at java.io.ObjectInputStream.readObject0(ObjectInputStream.java:1534)
	at java.io.ObjectInputStream.readObject(ObjectInputStream.java:427)
	at Server.UserInputRequestThread.run(UserInputRequestThread.java:24)
	at java.lang.Thread.run(Thread.java:748)
java.io.EOFException
	at java.io.ObjectInputStream$BlockDataInputStream.peekByte(ObjectInputStream.java:2950)
	at java.io.ObjectInputStream.readObject0(ObjectInputStream.java:1534)
	at java.io.ObjectInputStream.readObject(ObjectInputStream.java:427)
	at Server.UserInputRequestThread.run(UserInputRequestThread.java:24)
	at java.lang.Thread.run(Thread.java:748)
java.io.EOFException
	at java.io.ObjectInputStream$BlockDataInputStream.peekByte(ObjectInputStream.java:2950)
	at java.io.ObjectInputStream.readObject0(ObjectInputStream.java:1534)
	at java.io.ObjectInputStream.readObject(ObjectInputStream.java:427)
	at Server.UserInputRequestThread.run(UserInputRequestThread.java:24)
	at java.lang.Thread.run(Thread.java:748)
java.io.EOFException
	at java.io.ObjectInputStream$BlockDataInputStream.peekByte(ObjectInputStream.java:2950)
	at java.io.ObjectInputStream.readObject0(ObjectInputStream.java:1534)
	at java.io.ObjectInputStream.readObject(ObjectInputStream.java:427)
	at Server.UserInputRequestThread.run(UserInputRequestThread.java:24)
	at java.lang.Thread.run(Thread.java:748)
java.io.EOFException
	at java.io.ObjectInputStream$BlockDataInputStream.peekByte(ObjectInputStream.java:2950)
	at java.io.ObjectInputStream.readObject0(ObjectInputStream.java:1534)
	at java.io.ObjectInputStream.readObject(ObjectInputStream.java:427)
	at Server.UserInputRequestThread.run(UserInputRequestThread.java:24)
	at java.lang.Thread.run(Thread.java:748)
java.io.EOFException
	at java.io.ObjectInputStream$BlockDataInputStream.peekByte(ObjectInputStream.java:2950)
	at java.io.ObjectInputStream.readObject0(ObjectInputStream.java:1534)
	at java.io.ObjectInputStream.readObject(ObjectInputStream.java:427)
	at Server.UserInputRequestThread.run(UserInputRequestThread.java:24)
	at java.lang.Thread.run(Thread.java:748)
java.io.EOFException
	at java.io.ObjectInputStream$BlockDataInputStream.peekByte(ObjectInputStream.java:2950)
	at java.io.ObjectInputStream.readObject0(ObjectInputStream.java:1534)
	at java.io.ObjectInputStream.readObject(ObjectInputStream.java:427)
	at Server.UserInputRequestThread.run(UserInputRequestThread.java:24)
	at java.lang.Thread.run(Thread.java:748)
java.io.EOFException
	at java.io.ObjectInputStream$BlockDataInputStream.peekByte(ObjectInputStream.java:2950)
	at java.io.ObjectInputStream.readObject0(ObjectInputStream.java:1534)
	at java.io.ObjectInputStream.readObject(ObjectInputStream.java:427)
	at Server.UserInputRequestThread.run(UserInputRequestThread.java:24)
	at java.lang.Thread.run(Thread.java:748)
java.io.EOFException
	at java.io.ObjectInputStream$BlockDataInputStream.peekByte(ObjectInputStream.java:2950)
	at java.io.ObjectInputStream.readObject0(ObjectInputStream.java:1534)
	at java.io.ObjectInputStream.readObject(ObjectInputStream.java:427)
	at Server.UserInputRequestThread.run(UserInputRequestThread.java:24)
	at java.lang.Thread.run(Thread.java:748)
java.io.EOFException
	at java.io.ObjectInputStream$BlockDataInputStream.peekByte(ObjectInputStream.java:2950)
	at java.io.ObjectInputStream.readObject0(ObjectInputStream.java:1534)
	at java.io.ObjectInputStream.readObject(ObjectInputStream.java:427)
	at Server.UserInputRequestThread.run(UserInputRequestThread.java:24)
	at java.lang.Thread.run(Thread.java:748)
java.io.EOFException
	at java.io.ObjectInputStream$BlockDataInputStream.peekByte(ObjectInputStream.java:2950)
	at java.io.ObjectInputStream.readObject0(ObjectInputStream.java:1534)
	at java.io.ObjectInputStream.readObject(ObjectInputStream.java:427)
	at Server.UserInputRequestThread.run(UserInputRequestThread.java:24)
	at java.lang.Thread.run(Thread.java:748)
java.io.EOFException
	at java.io.ObjectInputStream$BlockDataInputStream.peekByte(ObjectInputStream.java:2950)
	at java.io.ObjectInputStream.readObject0(ObjectInputStream.java:1534)
	at java.io.ObjectInputStream.readObject(ObjectInputStream.java:427)
	at Server.UserInputRequestThread.run(UserInputRequestThread.java:24)
	at java.lang.Thread.run(Thread.java:748)
java.io.EOFException
	at java.io.ObjectInputStream$BlockDataInputStream.peekByte(ObjectInputStream.java:2950)
	at java.io.ObjectInputStream.readObject0(ObjectInputStream.java:1534)
	at java.io.ObjectInputStream.readObject(ObjectInputStream.java:427)
	at Server.UserInputRequestThread.run(UserInputRequestThread.java:24)
	at java.lang.Thread.run(Thread.java:748)
java.io.EOFException
	at java.io.ObjectInputStream$BlockDataInputStream.peekByte(ObjectInputStream.java:2950)
	at java.io.ObjectInputStream.readObject0(ObjectInputStream.java:1534)
	at java.io.ObjectInputStream.readObject(ObjectInputStream.java:427)
	at Server.UserInputRequestThread.run(UserInputRequestThread.java:24)
	at java.lang.Thread.run(Thread.java:748)
java.io.EOFException
	at java.io.ObjectInputStream$BlockDataInputStream.peekByte(ObjectInputStream.java:2950)
	at java.io.ObjectInputStream.readObject0(ObjectInputStream.java:1534)
	at java.io.ObjectInputStream.readObject(ObjectInputStream.java:427)
	at Server.UserInputRequestThread.run(UserInputRequestThread.java:24)
	at java.lang.Thread.run(Thread.java:748)
java.io.EOFException
	at java.io.ObjectInputStream$BlockDataInputStream.peekByte(ObjectInputStream.java:2950)
	at java.io.ObjectInputStream.readObject0(ObjectInputStream.java:1534)
	at java.io.ObjectInputStream.readObject(ObjectInputStream.java:427)
	at Server.UserInputRequestThread.run(UserInputRequestThread.java:24)
	at java.lang.Thread.run(Thread.java:748)
java.io.EOFException
	at java.io.ObjectInputStream$BlockDataInputStream.peekByte(ObjectInputStream.java:2950)
	at java.io.ObjectInputStream.readObject0(ObjectInputStream.java:1534)
	at java.io.ObjectInputStream.readObject(ObjectInputStream.java:427)
	at Server.UserInputRequestThread.run(UserInputRequestThread.java:24)
	at java.lang.Thread.run(Thread.java:748)
java.io.EOFException
	at java.io.ObjectInputStream$BlockDataInputStream.peekByte(ObjectInputStream.java:2950)
	at java.io.ObjectInputStream.readObject0(ObjectInputStream.java:1534)
	at java.io.ObjectInputStream.readObject(ObjectInputStream.java:427)
	at Server.UserInputRequestThread.run(UserInputRequestThread.java:24)
	at java.lang.Thread.run(Thread.java:748)
java.io.EOFException
	at java.io.ObjectInputStream$BlockDataInputStream.peekByte(ObjectInputStream.java:2950)
	at java.io.ObjectInputStream.readObject0(ObjectInputStream.java:1534)
	at java.io.ObjectInputStream.readObject(ObjectInputStream.java:427)
	at Server.UserInputRequestThread.run(UserInputRequestThread.java:24)
	at java.lang.Thread.run(Thread.java:748)
java.io.EOFException
	at java.io.ObjectInputStream$BlockDataInputStream.peekByte(ObjectInputStream.java:2950)
	at java.io.ObjectInputStream.readObject0(ObjectInputStream.java:1534)
	at java.io.ObjectInputStream.readObject(ObjectInputStream.java:427)
	at Server.UserInputRequestThread.run(UserInputRequestThread.java:24)
	at java.lang.Thread.run(Thread.java:748)
java.io.EOFException
	at java.io.ObjectInputStream$BlockDataInputStream.peekByte(ObjectInputStream.java:2950)
	at java.io.ObjectInputStream.readObject0(ObjectInputStream.java:1534)
	at java.io.ObjectInputStream.readObject(ObjectInputStream.java:427)
	at Server.UserInputRequestThread.run(UserInputRequestThread.java:24)
	at java.lang.Thread.run(Thread.java:748)
java.io.EOFException
	at java.io.ObjectInputStream$BlockDataInputStream.peekByte(ObjectInputStream.java:2950)
	at java.io.ObjectInputStream.readObject0(ObjectInputStream.java:1534)
	at java.io.ObjectInputStream.readObject(ObjectInputStream.java:427)
	at Server.UserInputRequestThread.run(UserInputRequestThread.java:24)
	at java.lang.Thread.run(Thread.java:748)
java.io.EOFException
	at java.io.ObjectInputStream$BlockDataInputStream.peekByte(ObjectInputStream.java:2950)
	at java.io.ObjectInputStream.readObject0(ObjectInputStream.java:1534)
	at java.io.ObjectInputStream.readObject(ObjectInputStream.java:427)
	at Server.UserInputRequestThread.run(UserInputRequestThread.java:24)
	at java.lang.Thread.run(Thread.java:748)
java.io.EOFException
	at java.io.ObjectInputStream$BlockDataInputStream.peekByte(ObjectInputStream.java:2950)
	at java.io.ObjectInputStream.readObject0(ObjectInputStream.java:1534)
	at java.io.ObjectInputStream.readObject(ObjectInputStream.java:427)
	at Server.UserInputRequestThread.run(UserInputRequestThread.java:24)
	at java.lang.Thread.run(Thread.java:748)
java.io.EOFException
	at java.io.ObjectInputStream$BlockDataInputStream.peekByte(ObjectInputStream.java:2950)
	at java.io.ObjectInputStream.readObject0(ObjectInputStream.java:1534)
	at java.io.ObjectInputStream.readObject(ObjectInputStream.java:427)
	at Server.UserInputRequestThread.run(UserInputRequestThread.java:24)
	at java.lang.Thread.run(Thread.java:748)
java.io.EOFException
	at java.io.ObjectInputStream$BlockDataInputStream.peekByte(ObjectInputStream.java:2950)
	at java.io.ObjectInputStream.readObject0(ObjectInputStream.java:1534)
	at java.io.ObjectInputStream.readObject(ObjectInputStream.java:427)
	at Server.UserInputRequestThread.run(UserInputRequestThread.java:24)
	at java.lang.Thread.run(Thread.java:748)
java.io.EOFException
	at java.io.ObjectInputStream$BlockDataInputStream.peekByte(ObjectInputStream.java:2950)
	at java.io.ObjectInputStream.readObject0(ObjectInputStream.java:1534)
	at java.io.ObjectInputStream.readObject(ObjectInputStream.java:427)
	at Server.UserInputRequestThread.run(UserInputRequestThread.java:24)
	at java.lang.Thread.run(Thread.java:748)
java.io.EOFException
	at java.io.ObjectInputStream$BlockDataInputStream.peekByte(ObjectInputStream.java:2950)
	at java.io.ObjectInputStream.readObject0(ObjectInputStream.java:1534)
	at java.io.ObjectInputStream.readObject(ObjectInputStream.java:427)
	at Server.UserInputRequestThread.run(UserInputRequestThread.java:24)
	at java.lang.Thread.run(Thread.java:748)
java.io.EOFException
	at java.io.ObjectInputStream$BlockDataInputStream.peekByte(ObjectInputStream.java:2950)
	at java.io.ObjectInputStream.readObject0(ObjectInputStream.java:1534)
	at java.io.ObjectInputStream.readObject(ObjectInputStream.java:427)
	at Server.UserInputRequestThread.run(UserInputRequestThread.java:24)
	at java.lang.Thread.run(Thread.java:748)
java.io.EOFException
	at java.io.ObjectInputStream$BlockDataInputStream.peekByte(ObjectInputStream.java:2950)
	at java.io.ObjectInputStream.readObject0(ObjectInputStream.java:1534)
	at java.io.ObjectInputStream.readObject(ObjectInputStream.java:427)
	at Server.UserInputRequestThread.run(UserInputRequestThread.java:24)
	at java.lang.Thread.run(Thread.java:748)
java.io.EOFException
	at java.io.ObjectInputStream$BlockDataInputStream.peekByte(ObjectInputStream.java:2950)
	at java.io.ObjectInputStream.readObject0(ObjectInputStream.java:1534)
	at java.io.ObjectInputStream.readObject(ObjectInputStream.java:427)
	at Server.UserInputRequestThread.run(UserInputRequestThread.java:24)
	at java.lang.Thread.run(Thread.java:748)
java.io.EOFException
	at java.io.ObjectInputStream$BlockDataInputStream.peekByte(ObjectInputStream.java:2950)
	at java.io.ObjectInputStream.readObject0(ObjectInputStream.java:1534)
	at java.io.ObjectInputStream.readObject(ObjectInputStream.java:427)
	at Server.UserInputRequestThread.run(UserInputRequestThread.java:24)
	at java.lang.Thread.run(Thread.java:748)
java.io.EOFException
	at java.io.ObjectInputStream$BlockDataInputStream.peekByte(ObjectInputStream.java:2950)
	at java.io.ObjectInputStream.readObject0(ObjectInputStream.java:1534)
	at java.io.ObjectInputStream.readObject(ObjectInputStream.java:427)
	at Server.UserInputRequestThread.run(UserInputRequestThread.java:24)
	at java.lang.Thread.run(Thread.java:748)
java.io.EOFException
	at java.io.ObjectInputStream$BlockDataInputStream.peekByte(ObjectInputStream.java:2950)
	at java.io.ObjectInputStream.readObject0(ObjectInputStream.java:1534)
	at java.io.ObjectInputStream.readObject(ObjectInputStream.java:427)
	at Server.UserInputRequestThread.run(UserInputRequestThread.java:24)
	at java.lang.Thread.run(Thread.java:748)
java.io.EOFException
	at java.io.ObjectInputStream$BlockDataInputStream.peekByte(ObjectInputStream.java:2950)
	at java.io.ObjectInputStream.readObject0(ObjectInputStream.java:1534)
	at java.io.ObjectInputStream.readObject(ObjectInputStream.java:427)
	at Server.UserInputRequestThread.run(UserInputRequestThread.java:24)
	at java.lang.Thread.run(Thread.java:748)
java.io.EOFException
	at java.io.ObjectInputStream$BlockDataInputStream.peekByte(ObjectInputStream.java:2950)
	at java.io.ObjectInputStream.readObject0(ObjectInputStream.java:1534)
	at java.io.ObjectInputStream.readObject(ObjectInputStream.java:427)
	at Server.UserInputRequestThread.run(UserInputRequestThread.java:24)
	at java.lang.Thread.run(Thread.java:748)
java.io.EOFException
	at java.io.ObjectInputStream$BlockDataInputStream.peekByte(ObjectInputStream.java:2950)
	at java.io.ObjectInputStream.readObject0(ObjectInputStream.java:1534)
	at java.io.ObjectInputStream.readObject(ObjectInputStream.java:427)
	at Server.UserInputRequestThread.run(UserInputRequestThread.java:24)
	at java.lang.Thread.run(Thread.java:748)
java.io.EOFException
	at java.io.ObjectInputStream$BlockDataInputStream.peekByte(ObjectInputStream.java:2950)
	at java.io.ObjectInputStream.readObject0(ObjectInputStream.java:1534)
	at java.io.ObjectInputStream.readObject(ObjectInputStream.java:427)
	at Server.UserInputRequestThread.run(UserInputRequestThread.java:24)
	at java.lang.Thread.run(Thread.java:748)
java.io.EOFException
	at java.io.ObjectInputStream$BlockDataInputStream.peekByte(ObjectInputStream.java:2950)
	at java.io.ObjectInputStream.readObject0(ObjectInputStream.java:1534)
	at java.io.ObjectInputStream.readObject(ObjectInputStream.java:427)
	at Server.UserInputRequestThread.run(UserInputRequestThread.java:24)
	at java.lang.Thread.run(Thread.java:748)
java.io.EOFException
	at java.io.ObjectInputStream$BlockDataInputStream.peekByte(ObjectInputStream.java:2950)
	at java.io.ObjectInputStream.readObject0(ObjectInputStream.java:1534)
	at java.io.ObjectInputStream.readObject(ObjectInputStream.java:427)
	at Server.UserInputRequestThread.run(UserInputRequestThread.java:24)
	at java.lang.Thread.run(Thread.java:748)
java.io.EOFException
	at java.io.ObjectInputStream$BlockDataInputStream.peekByte(ObjectInputStream.java:2950)
	at java.io.ObjectInputStream.readObject0(ObjectInputStream.java:1534)
	at java.io.ObjectInputStream.readObject(ObjectInputStream.java:427)
	at Server.UserInputRequestThread.run(UserInputRequestThread.java:24)
	at java.lang.Thread.run(Thread.java:748)
java.io.EOFException
	at java.io.ObjectInputStream$BlockDataInputStream.peekByte(ObjectInputStream.java:2950)
	at java.io.ObjectInputStream.readObject0(ObjectInputStream.java:1534)
	at java.io.ObjectInputStream.readObject(ObjectInputStream.java:427)
	at Server.UserInputRequestThread.run(UserInputRequestThread.java:24)
	at java.lang.Thread.run(Thread.java:748)
java.io.EOFException
	at java.io.ObjectInputStream$BlockDataInputStream.peekByte(ObjectInputStream.java:2950)
	at java.io.ObjectInputStream.readObject0(ObjectInputStream.java:1534)
	at java.io.ObjectInputStream.readObject(ObjectInputStream.java:427)
	at Server.UserInputRequestThread.run(UserInputRequestThread.java:24)
	at java.lang.Thread.run(Thread.java:748)
java.io.EOFException
	at java.io.ObjectInputStream$BlockDataInputStream.peekByte(ObjectInputStream.java:2950)
	at java.io.ObjectInputStream.readObject0(ObjectInputStream.java:1534)
	at java.io.ObjectInputStream.readObject(ObjectInputStream.java:427)
	at Server.UserInputRequestThread.run(UserInputRequestThread.java:24)
	at java.lang.Thread.run(Thread.java:748)
java.io.EOFException
	at java.io.ObjectInputStream$BlockDataInputStream.peekByte(ObjectInputStream.java:2950)
	at java.io.ObjectInputStream.readObject0(ObjectInputStream.java:1534)
	at java.io.ObjectInputStream.readObject(ObjectInputStream.java:427)
	at Server.UserInputRequestThread.run(UserInputRequestThread.java:24)
	at java.lang.Thread.run(Thread.java:748)
java.io.EOFException
	at java.io.ObjectInputStream$BlockDataInputStream.peekByte(ObjectInputStream.java:2950)
	at java.io.ObjectInputStream.readObject0(ObjectInputStream.java:1534)
	at java.io.ObjectInputStream.readObject(ObjectInputStream.java:427)
	at Server.UserInputRequestThread.run(UserInputRequestThread.java:24)
	at java.lang.Thread.run(Thread.java:748)
java.io.EOFException
	at java.io.ObjectInputStream$BlockDataInputStream.peekByte(ObjectInputStream.java:2950)
	at java.io.ObjectInputStream.readObject0(ObjectInputStream.java:1534)
	at java.io.ObjectInputStream.readObject(ObjectInputStream.java:427)
	at Server.UserInputRequestThread.run(UserInputRequestThread.java:24)
	at java.lang.Thread.run(Thread.java:748)
java.io.EOFException
	at java.io.ObjectInputStream$BlockDataInputStream.peekByte(ObjectInputStream.java:2950)
	at java.io.ObjectInputStream.readObject0(ObjectInputStream.java:1534)
	at java.io.ObjectInputStream.readObject(ObjectInputStream.java:427)
	at Server.UserInputRequestThread.run(UserInputRequestThread.java:24)
	at java.lang.Thread.run(Thread.java:748)
java.io.EOFException
	at java.io.ObjectInputStream$BlockDataInputStream.peekByte(ObjectInputStream.java:2950)
	at java.io.ObjectInputStream.readObject0(ObjectInputStream.java:1534)
	at java.io.ObjectInputStream.readObject(ObjectInputStream.java:427)
	at Server.UserInputRequestThread.run(UserInputRequestThread.java:24)
	at java.lang.Thread.run(Thread.java:748)
java.io.EOFException
	at java.io.ObjectInputStream$BlockDataInputStream.peekByte(ObjectInputStream.java:2950)
	at java.io.ObjectInputStream.readObject0(ObjectInputStream.java:1534)
	at java.io.ObjectInputStream.readObject(ObjectInputStream.java:427)
	at Server.UserInputRequestThread.run(UserInputRequestThread.java:24)
	at java.lang.Thread.run(Thread.java:748)
java.io.EOFException
	at java.io.ObjectInputStream$BlockDataInputStream.peekByte(ObjectInputStream.java:2950)
	at java.io.ObjectInputStream.readObject0(ObjectInputStream.java:1534)
	at java.io.ObjectInputStream.readObject(ObjectInputStream.java:427)
	at Server.UserInputRequestThread.run(UserInputRequestThread.java:24)
	at java.lang.Thread.run(Thread.java:748)
java.io.EOFException
	at java.io.ObjectInputStream$BlockDataInputStream.peekByte(ObjectInputStream.java:2950)
	at java.io.ObjectInputStream.readObject0(ObjectInputStream.java:1534)
	at java.io.ObjectInputStream.readObject(ObjectInputStream.java:427)
	at Server.UserInputRequestThread.run(UserInputRequestThread.java:24)
	at java.lang.Thread.run(Thread.java:748)
java.io.EOFException
	at java.io.ObjectInputStream$BlockDataInputStream.peekByte(ObjectInputStream.java:2950)
	at java.io.ObjectInputStream.readObject0(ObjectInputStream.java:1534)
	at java.io.ObjectInputStream.readObject(ObjectInputStream.java:427)
	at Server.UserInputRequestThread.run(UserInputRequestThread.java:24)
	at java.lang.Thread.run(Thread.java:748)
java.io.EOFException
	at java.io.ObjectInputStream$BlockDataInputStream.peekByte(ObjectInputStream.java:2950)
	at java.io.ObjectInputStream.readObject0(ObjectInputStream.java:1534)
	at java.io.ObjectInputStream.readObject(ObjectInputStream.java:427)
	at Server.UserInputRequestThread.run(UserInputRequestThread.java:24)
	at java.lang.Thread.run(Thread.java:748)
java.io.EOFException
	at java.io.ObjectInputStream$BlockDataInputStream.peekByte(ObjectInputStream.java:2950)
	at java.io.ObjectInputStream.readObject0(ObjectInputStream.java:1534)
	at java.io.ObjectInputStream.readObject(ObjectInputStream.java:427)
	at Server.UserInputRequestThread.run(UserInputRequestThread.java:24)
	at java.lang.Thread.run(Thread.java:748)
java.io.EOFException
	at java.io.ObjectInputStream$BlockDataInputStream.peekByte(ObjectInputStream.java:2950)
	at java.io.ObjectInputStream.readObject0(ObjectInputStream.java:1534)
	at java.io.ObjectInputStream.readObject(ObjectInputStream.java:427)
	at Server.UserInputRequestThread.run(UserInputRequestThread.java:24)
	at java.lang.Thread.run(Thread.java:748)
java.io.EOFException
	at java.io.ObjectInputStream$BlockDataInputStream.peekByte(ObjectInputStream.java:2950)
	at java.io.ObjectInputStream.readObject0(ObjectInputStream.java:1534)
	at java.io.ObjectInputStream.readObject(ObjectInputStream.java:427)
	at Server.UserInputRequestThread.run(UserInputRequestThread.java:24)
	at java.lang.Thread.run(Thread.java:748)
java.io.EOFException
	at java.io.ObjectInputStream$BlockDataInputStream.peekByte(ObjectInputStream.java:2950)
	at java.io.ObjectInputStream.readObject0(ObjectInputStream.java:1534)
	at java.io.ObjectInputStream.readObject(ObjectInputStream.java:427)
	at Server.UserInputRequestThread.run(UserInputRequestThread.java:24)
	at java.lang.Thread.run(Thread.java:748)
java.io.EOFException
	at java.io.ObjectInputStream$BlockDataInputStream.peekByte(ObjectInputStream.java:2950)
	at java.io.ObjectInputStream.readObject0(ObjectInputStream.java:1534)
	at java.io.ObjectInputStream.readObject(ObjectInputStream.java:427)
	at Server.UserInputRequestThread.run(UserInputRequestThread.java:24)
	at java.lang.Thread.run(Thread.java:748)
java.io.EOFException
	at java.io.ObjectInputStream$BlockDataInputStream.peekByte(ObjectInputStream.java:2950)
	at java.io.ObjectInputStream.readObject0(ObjectInputStream.java:1534)
	at java.io.ObjectInputStream.readObject(ObjectInputStream.java:427)
	at Server.UserInputRequestThread.run(UserInputRequestThread.java:24)
	at java.lang.Thread.run(Thread.java:748)
java.io.EOFException
	at java.io.ObjectInputStream$BlockDataInputStream.peekByte(ObjectInputStream.java:2950)
	at java.io.ObjectInputStream.readObject0(ObjectInputStream.java:1534)
	at java.io.ObjectInputStream.readObject(ObjectInputStream.java:427)
	at Server.UserInputRequestThread.run(UserInputRequestThread.java:24)
	at java.lang.Thread.run(Thread.java:748)
java.io.EOFException
	at java.io.ObjectInputStream$BlockDataInputStream.peekByte(ObjectInputStream.java:2950)
	at java.io.ObjectInputStream.readObject0(ObjectInputStream.java:1534)
	at java.io.ObjectInputStream.readObject(ObjectInputStream.java:427)
	at Server.UserInputRequestThread.run(UserInputRequestThread.java:24)
	at java.lang.Thread.run(Thread.java:748)
java.io.EOFException
	at java.io.ObjectInputStream$BlockDataInputStream.peekByte(ObjectInputStream.java:2950)
	at java.io.ObjectInputStream.readObject0(ObjectInputStream.java:1534)
	at java.io.ObjectInputStream.readObject(ObjectInputStream.java:427)
	at Server.UserInputRequestThread.run(UserInputRequestThread.java:24)
	at java.lang.Thread.run(Thread.java:748)
java.io.EOFException
	at java.io.ObjectInputStream$BlockDataInputStream.peekByte(ObjectInputStream.java:2950)
	at java.io.ObjectInputStream.readObject0(ObjectInputStream.java:1534)
	at java.io.ObjectInputStream.readObject(ObjectInputStream.java:427)
	at Server.UserInputRequestThread.run(UserInputRequestThread.java:24)
	at java.lang.Thread.run(Thread.java:748)
java.io.EOFException
	at java.io.ObjectInputStream$BlockDataInputStream.peekByte(ObjectInputStream.java:2950)
	at java.io.ObjectInputStream.readObject0(ObjectInputStream.java:1534)
	at java.io.ObjectInputStream.readObject(ObjectInputStream.java:427)
	at Server.UserInputRequestThread.run(UserInputRequestThread.java:24)
	at java.lang.Thread.run(Thread.java:748)
java.io.EOFException
	at java.io.ObjectInputStream$BlockDataInputStream.peekByte(ObjectInputStream.java:2950)
	at java.io.ObjectInputStream.readObject0(ObjectInputStream.java:1534)
	at java.io.ObjectInputStream.readObject(ObjectInputStream.java:427)
	at Server.UserInputRequestThread.run(UserInputRequestThread.java:24)
	at java.lang.Thread.run(Thread.java:748)
java.io.EOFException
	at java.io.ObjectInputStream$BlockDataInputStream.peekByte(ObjectInputStream.java:2950)
	at java.io.ObjectInputStream.readObject0(ObjectInputStream.java:1534)
	at java.io.ObjectInputStream.readObject(ObjectInputStream.java:427)
	at Server.UserInputRequestThread.run(UserInputRequestThread.java:24)
	at java.lang.Thread.run(Thread.java:748)
java.io.EOFException
	at java.io.ObjectInputStream$BlockDataInputStream.peekByte(ObjectInputStream.java:2950)
	at java.io.ObjectInputStream.readObject0(ObjectInputStream.java:1534)
	at java.io.ObjectInputStream.readObject(ObjectInputStream.java:427)
	at Server.UserInputRequestThread.run(UserInputRequestThread.java:24)
	at java.lang.Thread.run(Thread.java:748)
java.io.EOFException
	at java.io.ObjectInputStream$BlockDataInputStream.peekByte(ObjectInputStream.java:2950)
	at java.io.ObjectInputStream.readObject0(ObjectInputStream.java:1534)
	at java.io.ObjectInputStream.readObject(ObjectInputStream.java:427)
	at Server.UserInputRequestThread.run(UserInputRequestThread.java:24)
	at java.lang.Thread.run(Thread.java:748)
java.io.EOFException
	at java.io.ObjectInputStream$BlockDataInputStream.peekByte(ObjectInputStream.java:2950)
	at java.io.ObjectInputStream.readObject0(ObjectInputStream.java:1534)
	at java.io.ObjectInputStream.readObject(ObjectInputStream.java:427)
	at Server.UserInputRequestThread.run(UserInputRequestThread.java:24)
	at java.lang.Thread.run(Thread.java:748)
java.io.EOFException
	at java.io.ObjectInputStream$BlockDataInputStream.peekByte(ObjectInputStream.java:2950)
	at java.io.ObjectInputStream.readObject0(ObjectInputStream.java:1534)
	at java.io.ObjectInputStream.readObject(ObjectInputStream.java:427)
	at Server.UserInputRequestThread.run(UserInputRequestThread.java:24)
	at java.lang.Thread.run(Thread.java:748)
java.io.EOFException
	at java.io.ObjectInputStream$BlockDataInputStream.peekByte(ObjectInputStream.java:2950)
	at java.io.ObjectInputStream.readObject0(ObjectInputStream.java:1534)
	at java.io.ObjectInputStream.readObject(ObjectInputStream.java:427)
	at Server.UserInputRequestThread.run(UserInputRequestThread.java:24)
	at java.lang.Thread.run(Thread.java:748)
java.io.EOFException
	at java.io.ObjectInputStream$BlockDataInputStream.peekByte(ObjectInputStream.java:2950)
	at java.io.ObjectInputStream.readObject0(ObjectInputStream.java:1534)
	at java.io.ObjectInputStream.readObject(ObjectInputStream.java:427)
	at Server.UserInputRequestThread.run(UserInputRequestThread.java:24)
	at java.lang.Thread.run(Thread.java:748)
java.io.EOFException
	at java.io.ObjectInputStream$BlockDataInputStream.peekByte(ObjectInputStream.java:2950)
	at java.io.ObjectInputStream.readObject0(ObjectInputStream.java:1534)
	at java.io.ObjectInputStream.readObject(ObjectInputStream.java:427)
	at Server.UserInputRequestThread.run(UserInputRequestThread.java:24)
	at java.lang.Thread.run(Thread.java:748)
java.io.EOFException
	at java.io.ObjectInputStream$BlockDataInputStream.peekByte(ObjectInputStream.java:2950)
	at java.io.ObjectInputStream.readObject0(ObjectInputStream.java:1534)
	at java.io.ObjectInputStream.readObject(ObjectInputStream.java:427)
	at Server.UserInputRequestThread.run(UserInputRequestThread.java:24)
	at java.lang.Thread.run(Thread.java:748)
java.io.EOFException
	at java.io.ObjectInputStream$BlockDataInputStream.peekByte(ObjectInputStream.java:2950)
	at java.io.ObjectInputStream.readObject0(ObjectInputStream.java:1534)
	at java.io.ObjectInputStream.readObject(ObjectInputStream.java:427)
	at Server.UserInputRequestThread.run(UserInputRequestThread.java:24)
	at java.lang.Thread.run(Thread.java:748)
java.io.EOFException
	at java.io.ObjectInputStream$BlockDataInputStream.peekByte(ObjectInputStream.java:2950)
	at java.io.ObjectInputStream.readObject0(ObjectInputStream.java:1534)
	at java.io.ObjectInputStream.readObject(ObjectInputStream.java:427)
	at Server.UserInputRequestThread.run(UserInputRequestThread.java:24)
	at java.lang.Thread.run(Thread.java:748)
java.io.EOFException
	at java.io.ObjectInputStream$BlockDataInputStream.peekByte(ObjectInputStream.java:2950)
	at java.io.ObjectInputStream.readObject0(ObjectInputStream.java:1534)
	at java.io.ObjectInputStream.readObject(ObjectInputStream.java:427)
	at Server.UserInputRequestThread.run(UserInputRequestThread.java:24)
	at java.lang.Thread.run(Thread.java:748)
java.io.EOFException
	at java.io.ObjectInputStream$BlockDataInputStream.peekByte(ObjectInputStream.java:2950)
	at java.io.ObjectInputStream.readObject0(ObjectInputStream.java:1534)
	at java.io.ObjectInputStream.readObject(ObjectInputStream.java:427)
	at Server.UserInputRequestThread.run(UserInputRequestThread.java:24)
	at java.lang.Thread.run(Thread.java:748)
java.io.EOFException
	at java.io.ObjectInputStream$BlockDataInputStream.peekByte(ObjectInputStream.java:2950)
	at java.io.ObjectInputStream.readObject0(ObjectInputStream.java:1534)
	at java.io.ObjectInputStream.readObject(ObjectInputStream.java:427)
	at Server.UserInputRequestThread.run(UserInputRequestThread.java:24)
	at java.lang.Thread.run(Thread.java:748)
java.io.EOFException
	at java.io.ObjectInputStream$BlockDataInputStream.peekByte(ObjectInputStream.java:2950)
	at java.io.ObjectInputStream.readObject0(ObjectInputStream.java:1534)
	at java.io.ObjectInputStream.readObject(ObjectInputStream.java:427)
	at Server.UserInputRequestThread.run(UserInputRequestThread.java:24)
	at java.lang.Thread.run(Thread.java:748)
java.io.EOFException
	at java.io.ObjectInputStream$BlockDataInputStream.peekByte(ObjectInputStream.java:2950)
	at java.io.ObjectInputStream.readObject0(ObjectInputStream.java:1534)
	at java.io.ObjectInputStream.readObject(ObjectInputStream.java:427)
	at Server.UserInputRequestThread.run(UserInputRequestThread.java:24)
	at java.lang.Thread.run(Thread.java:748)
java.io.EOFException
	at java.io.ObjectInputStream$BlockDataInputStream.peekByte(ObjectInputStream.java:2950)
	at java.io.ObjectInputStream.readObject0(ObjectInputStream.java:1534)
	at java.io.ObjectInputStream.readObject(ObjectInputStream.java:427)
	at Server.UserInputRequestThread.run(UserInputRequestThread.java:24)
	at java.lang.Thread.run(Thread.java:748)
java.io.EOFException
	at java.io.ObjectInputStream$BlockDataInputStream.peekByte(ObjectInputStream.java:2950)
	at java.io.ObjectInputStream.readObject0(ObjectInputStream.java:1534)
	at java.io.ObjectInputStream.readObject(ObjectInputStream.java:427)
	at Server.UserInputRequestThread.run(UserInputRequestThread.java:24)
	at java.lang.Thread.run(Thread.java:748)
java.io.EOFException
	at java.io.ObjectInputStream$BlockDataInputStream.peekByte(ObjectInputStream.java:2950)
	at java.io.ObjectInputStream.readObject0(ObjectInputStream.java:1534)
	at java.io.ObjectInputStream.readObject(ObjectInputStream.java:427)
	at Server.UserInputRequestThread.run(UserInputRequestThread.java:24)
	at java.lang.Thread.run(Thread.java:748)
java.io.EOFException
	at java.io.ObjectInputStream$BlockDataInputStream.peekByte(ObjectInputStream.java:2950)
	at java.io.ObjectInputStream.readObject0(ObjectInputStream.java:1534)
	at java.io.ObjectInputStream.readObject(ObjectInputStream.java:427)
	at Server.UserInputRequestThread.run(UserInputRequestThread.java:24)
	at java.lang.Thread.run(Thread.java:748)
java.io.EOFException
	at java.io.ObjectInputStream$BlockDataInputStream.peekByte(ObjectInputStream.java:2950)
	at java.io.ObjectInputStream.readObject0(ObjectInputStream.java:1534)
	at java.io.ObjectInputStream.readObject(ObjectInputStream.java:427)
	at Server.UserInputRequestThread.run(UserInputRequestThread.java:24)
	at java.lang.Thread.run(Thread.java:748)
java.io.EOFException
	at java.io.ObjectInputStream$BlockDataInputStream.peekByte(ObjectInputStream.java:2950)
	at java.io.ObjectInputStream.readObject0(ObjectInputStream.java:1534)
	at java.io.ObjectInputStream.readObject(ObjectInputStream.java:427)
	at Server.UserInputRequestThread.run(UserInputRequestThread.java:24)
	at java.lang.Thread.run(Thread.java:748)
java.io.EOFException
	at java.io.ObjectInputStream$BlockDataInputStream.peekByte(ObjectInputStream.java:2950)
	at java.io.ObjectInputStream.readObject0(ObjectInputStream.java:1534)
	at java.io.ObjectInputStream.readObject(ObjectInputStream.java:427)
	at Server.UserInputRequestThread.run(UserInputRequestThread.java:24)
	at java.lang.Thread.run(Thread.java:748)
java.io.EOFException
	at java.io.ObjectInputStream$BlockDataInputStream.peekByte(ObjectInputStream.java:2950)
	at java.io.ObjectInputStream.readObject0(ObjectInputStream.java:1534)
	at java.io.ObjectInputStream.readObject(ObjectInputStream.java:427)
	at Server.UserInputRequestThread.run(UserInputRequestThread.java:24)
	at java.lang.Thread.run(Thread.java:748)
java.io.EOFException
	at java.io.ObjectInputStream$BlockDataInputStream.peekByte(ObjectInputStream.java:2950)
	at java.io.ObjectInputStream.readObject0(ObjectInputStream.java:1534)
	at java.io.ObjectInputStream.readObject(ObjectInputStream.java:427)
	at Server.UserInputRequestThread.run(UserInputRequestThread.java:24)
	at java.lang.Thread.run(Thread.java:748)
java.io.EOFException
	at java.io.ObjectInputStream$BlockDataInputStream.peekByte(ObjectInputStream.java:2950)
	at java.io.ObjectInputStream.readObject0(ObjectInputStream.java:1534)
	at java.io.ObjectInputStream.readObject(ObjectInputStream.java:427)
	at Server.UserInputRequestThread.run(UserInputRequestThread.java:24)
	at java.lang.Thread.run(Thread.java:748)
java.io.EOFException
	at java.io.ObjectInputStream$BlockDataInputStream.peekByte(ObjectInputStream.java:2950)
	at java.io.ObjectInputStream.readObject0(ObjectInputStream.java:1534)
	at java.io.ObjectInputStream.readObject(ObjectInputStream.java:427)
	at Server.UserInputRequestThread.run(UserInputRequestThread.java:24)
	at java.lang.Thread.run(Thread.java:748)
java.io.EOFException
	at java.io.ObjectInputStream$BlockDataInputStream.peekByte(ObjectInputStream.java:2950)
	at java.io.ObjectInputStream.readObject0(ObjectInputStream.java:1534)
	at java.io.ObjectInputStream.readObject(ObjectInputStream.java:427)
	at Server.UserInputRequestThread.run(UserInputRequestThread.java:24)
	at java.lang.Thread.run(Thread.java:748)
java.io.EOFException
	at java.io.ObjectInputStream$BlockDataInputStream.peekByte(ObjectInputStream.java:2950)
	at java.io.ObjectInputStream.readObject0(ObjectInputStream.java:1534)
	at java.io.ObjectInputStream.readObject(ObjectInputStream.java:427)
	at Server.UserInputRequestThread.run(UserInputRequestThread.java:24)
	at java.lang.Thread.run(Thread.java:748)
java.io.EOFException
	at java.io.ObjectInputStream$BlockDataInputStream.peekByte(ObjectInputStream.java:2950)
	at java.io.ObjectInputStream.readObject0(ObjectInputStream.java:1534)
	at java.io.ObjectInputStream.readObject(ObjectInputStream.java:427)
	at Server.UserInputRequestThread.run(UserInputRequestThread.java:24)
	at java.lang.Thread.run(Thread.java:748)
java.io.EOFException
	at java.io.ObjectInputStream$BlockDataInputStream.peekByte(ObjectInputStream.java:2950)
	at java.io.ObjectInputStream.readObject0(ObjectInputStream.java:1534)
	at java.io.ObjectInputStream.readObject(ObjectInputStream.java:427)
	at Server.UserInputRequestThread.run(UserInputRequestThread.java:24)
	at java.lang.Thread.run(Thread.java:748)
java.io.EOFException
	at java.io.ObjectInputStream$BlockDataInputStream.peekByte(ObjectInputStream.java:2950)
	at java.io.ObjectInputStream.readObject0(ObjectInputStream.java:1534)
	at java.io.ObjectInputStream.readObject(ObjectInputStream.java:427)
	at Server.UserInputRequestThread.run(UserInputRequestThread.java:24)
	at java.lang.Thread.run(Thread.java:748)
java.io.EOFException
	at java.io.ObjectInputStream$BlockDataInputStream.peekByte(ObjectInputStream.java:2950)
	at java.io.ObjectInputStream.readObject0(ObjectInputStream.java:1534)
	at java.io.ObjectInputStream.readObject(ObjectInputStream.java:427)
	at Server.UserInputRequestThread.run(UserInputRequestThread.java:24)
	at java.lang.Thread.run(Thread.java:748)
java.io.EOFException
	at java.io.ObjectInputStream$BlockDataInputStream.peekByte(ObjectInputStream.java:2950)
	at java.io.ObjectInputStream.readObject0(ObjectInputStream.java:1534)
	at java.io.ObjectInputStream.readObject(ObjectInputStream.java:427)
	at Server.UserInputRequestThread.run(UserInputRequestThread.java:24)
	at java.lang.Thread.run(Thread.java:748)
java.io.EOFException
	at java.io.ObjectInputStream$BlockDataInputStream.peekByte(ObjectInputStream.java:2950)
	at java.io.ObjectInputStream.readObject0(ObjectInputStream.java:1534)
	at java.io.ObjectInputStream.readObject(ObjectInputStream.java:427)
	at Server.UserInputRequestThread.run(UserInputRequestThread.java:24)
	at java.lang.Thread.run(Thread.java:748)
java.io.EOFException
	at java.io.ObjectInputStream$BlockDataInputStream.peekByte(ObjectInputStream.java:2950)
	at java.io.ObjectInputStream.readObject0(ObjectInputStream.java:1534)
	at java.io.ObjectInputStream.readObject(ObjectInputStream.java:427)
	at Server.UserInputRequestThread.run(UserInputRequestThread.java:24)
	at java.lang.Thread.run(Thread.java:748)
java.io.EOFException
	at java.io.ObjectInputStream$BlockDataInputStream.peekByte(ObjectInputStream.java:2950)
	at java.io.ObjectInputStream.readObject0(ObjectInputStream.java:1534)
	at java.io.ObjectInputStream.readObject(ObjectInputStream.java:427)
	at Server.UserInputRequestThread.run(UserInputRequestThread.java:24)
	at java.lang.Thread.run(Thread.java:748)
java.io.EOFException
	at java.io.ObjectInputStream$BlockDataInputStream.peekByte(ObjectInputStream.java:2950)
	at java.io.ObjectInputStream.readObject0(ObjectInputStream.java:1534)
	at java.io.ObjectInputStream.readObject(ObjectInputStream.java:427)
	at Server.UserInputRequestThread.run(UserInputRequestThread.java:24)
	at java.lang.Thread.run(Thread.java:748)
java.io.EOFException
	at java.io.ObjectInputStream$BlockDataInputStream.peekByte(ObjectInputStream.java:2950)
	at java.io.ObjectInputStream.readObject0(ObjectInputStream.java:1534)
	at java.io.ObjectInputStream.readObject(ObjectInputStream.java:427)
	at Server.UserInputRequestThread.run(UserInputRequestThread.java:24)
	at java.lang.Thread.run(Thread.java:748)
java.io.EOFException
	at java.io.ObjectInputStream$BlockDataInputStream.peekByte(ObjectInputStream.java:2950)
	at java.io.ObjectInputStream.readObject0(ObjectInputStream.java:1534)
	at java.io.ObjectInputStream.readObject(ObjectInputStream.java:427)
	at Server.UserInputRequestThread.run(UserInputRequestThread.java:24)
	at java.lang.Thread.run(Thread.java:748)
java.io.EOFException
	at java.io.ObjectInputStream$BlockDataInputStream.peekByte(ObjectInputStream.java:2950)
	at java.io.ObjectInputStream.readObject0(ObjectInputStream.java:1534)
	at java.io.ObjectInputStream.readObject(ObjectInputStream.java:427)
	at Server.UserInputRequestThread.run(UserInputRequestThread.java:24)
	at java.lang.Thread.run(Thread.java:748)
java.io.EOFException
	at java.io.ObjectInputStream$BlockDataInputStream.peekByte(ObjectInputStream.java:2950)
	at java.io.ObjectInputStream.readObject0(ObjectInputStream.java:1534)
	at java.io.ObjectInputStream.readObject(ObjectInputStream.java:427)
	at Server.UserInputRequestThread.run(UserInputRequestThread.java:24)
	at java.lang.Thread.run(Thread.java:748)
java.io.EOFException
	at java.io.ObjectInputStream$BlockDataInputStream.peekByte(ObjectInputStream.java:2950)
	at java.io.ObjectInputStream.readObject0(ObjectInputStream.java:1534)
	at java.io.ObjectInputStream.readObject(ObjectInputStream.java:427)
	at Server.UserInputRequestThread.run(UserInputRequestThread.java:24)
	at java.lang.Thread.run(Thread.java:748)
java.io.EOFException
	at java.io.ObjectInputStream$BlockDataInputStream.peekByte(ObjectInputStream.java:2950)
	at java.io.ObjectInputStream.readObject0(ObjectInputStream.java:1534)
	at java.io.ObjectInputStream.readObject(ObjectInputStream.java:427)
	at Server.UserInputRequestThread.run(UserInputRequestThread.java:24)
	at java.lang.Thread.run(Thread.java:748)
java.io.EOFException
	at java.io.ObjectInputStream$BlockDataInputStream.peekByte(ObjectInputStream.java:2950)
	at java.io.ObjectInputStream.readObject0(ObjectInputStream.java:1534)
	at java.io.ObjectInputStream.readObject(ObjectInputStream.java:427)
	at Server.UserInputRequestThread.run(UserInputRequestThread.java:24)
	at java.lang.Thread.run(Thread.java:748)
java.io.EOFException
	at java.io.ObjectInputStream$BlockDataInputStream.peekByte(ObjectInputStream.java:2950)
	at java.io.ObjectInputStream.readObject0(ObjectInputStream.java:1534)
	at java.io.ObjectInputStream.readObject(ObjectInputStream.java:427)
	at Server.UserInputRequestThread.run(UserInputRequestThread.java:24)
	at java.lang.Thread.run(Thread.java:748)
java.io.EOFException
	at java.io.ObjectInputStream$BlockDataInputStream.peekByte(ObjectInputStream.java:2950)
	at java.io.ObjectInputStream.readObject0(ObjectInputStream.java:1534)
	at java.io.ObjectInputStream.readObject(ObjectInputStream.java:427)
	at Server.UserInputRequestThread.run(UserInputRequestThread.java:24)
	at java.lang.Thread.run(Thread.java:748)
java.io.EOFException
	at java.io.ObjectInputStream$BlockDataInputStream.peekByte(ObjectInputStream.java:2950)
	at java.io.ObjectInputStream.readObject0(ObjectInputStream.java:1534)
	at java.io.ObjectInputStream.readObject(ObjectInputStream.java:427)
	at Server.UserInputRequestThread.run(UserInputRequestThread.java:24)
	at java.lang.Thread.run(Thread.java:748)
java.io.EOFException
	at java.io.ObjectInputStream$BlockDataInputStream.peekByte(ObjectInputStream.java:2950)
	at java.io.ObjectInputStream.readObject0(ObjectInputStream.java:1534)
	at java.io.ObjectInputStream.readObject(ObjectInputStream.java:427)
	at Server.UserInputRequestThread.run(UserInputRequestThread.java:24)
	at java.lang.Thread.run(Thread.java:748)
java.io.EOFException
	at java.io.ObjectInputStream$BlockDataInputStream.peekByte(ObjectInputStream.java:2950)
	at java.io.ObjectInputStream.readObject0(ObjectInputStream.java:1534)
	at java.io.ObjectInputStream.readObject(ObjectInputStream.java:427)
	at Server.UserInputRequestThread.run(UserInputRequestThread.java:24)
	at java.lang.Thread.run(Thread.java:748)
java.io.EOFException
	at java.io.ObjectInputStream$BlockDataInputStream.peekByte(ObjectInputStream.java:2950)
	at java.io.ObjectInputStream.readObject0(ObjectInputStream.java:1534)
	at java.io.ObjectInputStream.readObject(ObjectInputStream.java:427)
	at Server.UserInputRequestThread.run(UserInputRequestThread.java:24)
	at java.lang.Thread.run(Thread.java:748)
java.io.EOFException
	at java.io.ObjectInputStream$BlockDataInputStream.peekByte(ObjectInputStream.java:2950)
	at java.io.ObjectInputStream.readObject0(ObjectInputStream.java:1534)
	at java.io.ObjectInputStream.readObject(ObjectInputStream.java:427)
	at Server.UserInputRequestThread.run(UserInputRequestThread.java:24)
	at java.lang.Thread.run(Thread.java:748)
java.io.EOFException
	at java.io.ObjectInputStream$BlockDataInputStream.peekByte(ObjectInputStream.java:2950)
	at java.io.ObjectInputStream.readObject0(ObjectInputStream.java:1534)
	at java.io.ObjectInputStream.readObject(ObjectInputStream.java:427)
	at Server.UserInputRequestThread.run(UserInputRequestThread.java:24)
	at java.lang.Thread.run(Thread.java:748)
java.io.EOFException
	at java.io.ObjectInputStream$BlockDataInputStream.peekByte(ObjectInputStream.java:2950)
	at java.io.ObjectInputStream.readObject0(ObjectInputStream.java:1534)
	at java.io.ObjectInputStream.readObject(ObjectInputStream.java:427)
	at Server.UserInputRequestThread.run(UserInputRequestThread.java:24)
	at java.lang.Thread.run(Thread.java:748)
java.io.EOFException
	at java.io.ObjectInputStream$BlockDataInputStream.peekByte(ObjectInputStream.java:2950)
	at java.io.ObjectInputStream.readObject0(ObjectInputStream.java:1534)
	at java.io.ObjectInputStream.readObject(ObjectInputStream.java:427)
	at Server.UserInputRequestThread.run(UserInputRequestThread.java:24)
	at java.lang.Thread.run(Thread.java:748)
java.io.EOFException
	at java.io.ObjectInputStream$BlockDataInputStream.peekByte(ObjectInputStream.java:2950)
	at java.io.ObjectInputStream.readObject0(ObjectInputStream.java:1534)
	at java.io.ObjectInputStream.readObject(ObjectInputStream.java:427)
	at Server.UserInputRequestThread.run(UserInputRequestThread.java:24)
	at java.lang.Thread.run(Thread.java:748)
java.io.EOFException
	at java.io.ObjectInputStream$BlockDataInputStream.peekByte(ObjectInputStream.java:2950)
	at java.io.ObjectInputStream.readObject0(ObjectInputStream.java:1534)
	at java.io.ObjectInputStream.readObject(ObjectInputStream.java:427)
	at Server.UserInputRequestThread.run(UserInputRequestThread.java:24)
	at java.lang.Thread.run(Thread.java:748)
java.io.EOFException
	at java.io.ObjectInputStream$BlockDataInputStream.peekByte(ObjectInputStream.java:2950)
	at java.io.ObjectInputStream.readObject0(ObjectInputStream.java:1534)
	at java.io.ObjectInputStream.readObject(ObjectInputStream.java:427)
	at Server.UserInputRequestThread.run(UserInputRequestThread.java:24)
	at java.lang.Thread.run(Thread.java:748)
java.io.EOFException
	at java.io.ObjectInputStream$BlockDataInputStream.peekByte(ObjectInputStream.java:2950)
	at java.io.ObjectInputStream.readObject0(ObjectInputStream.java:1534)
	at java.io.ObjectInputStream.readObject(ObjectInputStream.java:427)
	at Server.UserInputRequestThread.run(UserInputRequestThread.java:24)
	at java.lang.Thread.run(Thread.java:748)
java.io.EOFException
	at java.io.ObjectInputStream$BlockDataInputStream.peekByte(ObjectInputStream.java:2950)
	at java.io.ObjectInputStream.readObject0(ObjectInputStream.java:1534)
	at java.io.ObjectInputStream.readObject(ObjectInputStream.java:427)
	at Server.UserInputRequestThread.run(UserInputRequestThread.java:24)
	at java.lang.Thread.run(Thread.java:748)
java.io.EOFException
	at java.io.ObjectInputStream$BlockDataInputStream.peekByte(ObjectInputStream.java:2950)
	at java.io.ObjectInputStream.readObject0(ObjectInputStream.java:1534)
	at java.io.ObjectInputStream.readObject(ObjectInputStream.java:427)
	at Server.UserInputRequestThread.run(UserInputRequestThread.java:24)
	at java.lang.Thread.run(Thread.java:748)
java.io.EOFException
	at java.io.ObjectInputStream$BlockDataInputStream.peekByte(ObjectInputStream.java:2950)
	at java.io.ObjectInputStream.readObject0(ObjectInputStream.java:1534)
	at java.io.ObjectInputStream.readObject(ObjectInputStream.java:427)
	at Server.UserInputRequestThread.run(UserInputRequestThread.java:24)
	at java.lang.Thread.run(Thread.java:748)
java.io.EOFException
	at java.io.ObjectInputStream$BlockDataInputStream.peekByte(ObjectInputStream.java:2950)
	at java.io.ObjectInputStream.readObject0(ObjectInputStream.java:1534)
	at java.io.ObjectInputStream.readObject(ObjectInputStream.java:427)
	at Server.UserInputRequestThread.run(UserInputRequestThread.java:24)
	at java.lang.Thread.run(Thread.java:748)
java.io.EOFException
	at java.io.ObjectInputStream$BlockDataInputStream.peekByte(ObjectInputStream.java:2950)
	at java.io.ObjectInputStream.readObject0(ObjectInputStream.java:1534)
	at java.io.ObjectInputStream.readObject(ObjectInputStream.java:427)
	at Server.UserInputRequestThread.run(UserInputRequestThread.java:24)
	at java.lang.Thread.run(Thread.java:748)
java.io.EOFException
	at java.io.ObjectInputStream$BlockDataInputStream.peekByte(ObjectInputStream.java:2950)
	at java.io.ObjectInputStream.readObject0(ObjectInputStream.java:1534)
	at java.io.ObjectInputStream.readObject(ObjectInputStream.java:427)
	at Server.UserInputRequestThread.run(UserInputRequestThread.java:24)
	at java.lang.Thread.run(Thread.java:748)
java.io.EOFException
	at java.io.ObjectInputStream$BlockDataInputStream.peekByte(ObjectInputStream.java:2950)
	at java.io.ObjectInputStream.readObject0(ObjectInputStream.java:1534)
	at java.io.ObjectInputStream.readObject(ObjectInputStream.java:427)
	at Server.UserInputRequestThread.run(UserInputRequestThread.java:24)
	at java.lang.Thread.run(Thread.java:748)
java.io.EOFException
	at java.io.ObjectInputStream$BlockDataInputStream.peekByte(ObjectInputStream.java:2950)
	at java.io.ObjectInputStream.readObject0(ObjectInputStream.java:1534)
	at java.io.ObjectInputStream.readObject(ObjectInputStream.java:427)
	at Server.UserInputRequestThread.run(UserInputRequestThread.java:24)
	at java.lang.Thread.run(Thread.java:748)
java.io.EOFException
	at java.io.ObjectInputStream$BlockDataInputStream.peekByte(ObjectInputStream.java:2950)
	at java.io.ObjectInputStream.readObject0(ObjectInputStream.java:1534)
	at java.io.ObjectInputStream.readObject(ObjectInputStream.java:427)
	at Server.UserInputRequestThread.run(UserInputRequestThread.java:24)
	at java.lang.Thread.run(Thread.java:748)
java.io.EOFException
	at java.io.ObjectInputStream$BlockDataInputStream.peekByte(ObjectInputStream.java:2950)
	at java.io.ObjectInputStream.readObject0(ObjectInputStream.java:1534)
	at java.io.ObjectInputStream.readObject(ObjectInputStream.java:427)
	at Server.UserInputRequestThread.run(UserInputRequestThread.java:24)
	at java.lang.Thread.run(Thread.java:748)
java.io.EOFException
	at java.io.ObjectInputStream$BlockDataInputStream.peekByte(ObjectInputStream.java:2950)
	at java.io.ObjectInputStream.readObject0(ObjectInputStream.java:1534)
	at java.io.ObjectInputStream.readObject(ObjectInputStream.java:427)
	at Server.UserInputRequestThread.run(UserInputRequestThread.java:24)
	at java.lang.Thread.run(Thread.java:748)
java.io.EOFException
	at java.io.ObjectInputStream$BlockDataInputStream.peekByte(ObjectInputStream.java:2950)
	at java.io.ObjectInputStream.readObject0(ObjectInputStream.java:1534)
	at java.io.ObjectInputStream.readObject(ObjectInputStream.java:427)
	at Server.UserInputRequestThread.run(UserInputRequestThread.java:24)
	at java.lang.Thread.run(Thread.java:748)
java.io.EOFException
	at java.io.ObjectInputStream$BlockDataInputStream.peekByte(ObjectInputStream.java:2950)
	at java.io.ObjectInputStream.readObject0(ObjectInputStream.java:1534)
	at java.io.ObjectInputStream.readObject(ObjectInputStream.java:427)
	at Server.UserInputRequestThread.run(UserInputRequestThread.java:24)
	at java.lang.Thread.run(Thread.java:748)
java.io.EOFException
	at java.io.ObjectInputStream$BlockDataInputStream.peekByte(ObjectInputStream.java:2950)
	at java.io.ObjectInputStream.readObject0(ObjectInputStream.java:1534)
	at java.io.ObjectInputStream.readObject(ObjectInputStream.java:427)
	at Server.UserInputRequestThread.run(UserInputRequestThread.java:24)
	at java.lang.Thread.run(Thread.java:748)
java.io.EOFException
	at java.io.ObjectInputStream$BlockDataInputStream.peekByte(ObjectInputStream.java:2950)
	at java.io.ObjectInputStream.readObject0(ObjectInputStream.java:1534)
	at java.io.ObjectInputStream.readObject(ObjectInputStream.java:427)
	at Server.UserInputRequestThread.run(UserInputRequestThread.java:24)
	at java.lang.Thread.run(Thread.java:748)
java.io.EOFException
	at java.io.ObjectInputStream$BlockDataInputStream.peekByte(ObjectInputStream.java:2950)
	at java.io.ObjectInputStream.readObject0(ObjectInputStream.java:1534)
	at java.io.ObjectInputStream.readObject(ObjectInputStream.java:427)
	at Server.UserInputRequestThread.run(UserInputRequestThread.java:24)
	at java.lang.Thread.run(Thread.java:748)
java.io.EOFException
	at java.io.ObjectInputStream$BlockDataInputStream.peekByte(ObjectInputStream.java:2950)
	at java.io.ObjectInputStream.readObject0(ObjectInputStream.java:1534)
	at java.io.ObjectInputStream.readObject(ObjectInputStream.java:427)
	at Server.UserInputRequestThread.run(UserInputRequestThread.java:24)
	at java.lang.Thread.run(Thread.java:748)
java.io.EOFException
	at java.io.ObjectInputStream$BlockDataInputStream.peekByte(ObjectInputStream.java:2950)
	at java.io.ObjectInputStream.readObject0(ObjectInputStream.java:1534)
	at java.io.ObjectInputStream.readObject(ObjectInputStream.java:427)
	at Server.UserInputRequestThread.run(UserInputRequestThread.java:24)
	at java.lang.Thread.run(Thread.java:748)
java.io.EOFException
	at java.io.ObjectInputStream$BlockDataInputStream.peekByte(ObjectInputStream.java:2950)
	at java.io.ObjectInputStream.readObject0(ObjectInputStream.java:1534)
	at java.io.ObjectInputStream.readObject(ObjectInputStream.java:427)
	at Server.UserInputRequestThread.run(UserInputRequestThread.java:24)
	at java.lang.Thread.run(Thread.java:748)
java.io.EOFException
	at java.io.ObjectInputStream$BlockDataInputStream.peekByte(ObjectInputStream.java:2950)
	at java.io.ObjectInputStream.readObject0(ObjectInputStream.java:1534)
	at java.io.ObjectInputStream.readObject(ObjectInputStream.java:427)
	at Server.UserInputRequestThread.run(UserInputRequestThread.java:24)
	at java.lang.Thread.run(Thread.java:748)
java.io.EOFException
	at java.io.ObjectInputStream$BlockDataInputStream.peekByte(ObjectInputStream.java:2950)
	at java.io.ObjectInputStream.readObject0(ObjectInputStream.java:1534)
	at java.io.ObjectInputStream.readObject(ObjectInputStream.java:427)
	at Server.UserInputRequestThread.run(UserInputRequestThread.java:24)
	at java.lang.Thread.run(Thread.java:748)
java.io.EOFException
	at java.io.ObjectInputStream$BlockDataInputStream.peekByte(ObjectInputStream.java:2950)
	at java.io.ObjectInputStream.readObject0(ObjectInputStream.java:1534)
	at java.io.ObjectInputStream.readObject(ObjectInputStream.java:427)
	at Server.UserInputRequestThread.run(UserInputRequestThread.java:24)
	at java.lang.Thread.run(Thread.java:748)
java.io.EOFException
	at java.io.ObjectInputStream$BlockDataInputStream.peekByte(ObjectInputStream.java:2950)
	at java.io.ObjectInputStream.readObject0(ObjectInputStream.java:1534)
	at java.io.ObjectInputStream.readObject(ObjectInputStream.java:427)
	at Server.UserInputRequestThread.run(UserInputRequestThread.java:24)
	at java.lang.Thread.run(Thread.java:748)
java.io.EOFException
	at java.io.ObjectInputStream$BlockDataInputStream.peekByte(ObjectInputStream.java:2950)
	at java.io.ObjectInputStream.readObject0(ObjectInputStream.java:1534)
	at java.io.ObjectInputStream.readObject(ObjectInputStream.java:427)
	at Server.UserInputRequestThread.run(UserInputRequestThread.java:24)
	at java.lang.Thread.run(Thread.java:748)
java.io.EOFException
	at java.io.ObjectInputStream$BlockDataInputStream.peekByte(ObjectInputStream.java:2950)
	at java.io.ObjectInputStream.readObject0(ObjectInputStream.java:1534)
	at java.io.ObjectInputStream.readObject(ObjectInputStream.java:427)
	at Server.UserInputRequestThread.run(UserInputRequestThread.java:24)
	at java.lang.Thread.run(Thread.java:748)
java.io.EOFException
	at java.io.ObjectInputStream$BlockDataInputStream.peekByte(ObjectInputStream.java:2950)
	at java.io.ObjectInputStream.readObject0(ObjectInputStream.java:1534)
	at java.io.ObjectInputStream.readObject(ObjectInputStream.java:427)
	at Server.UserInputRequestThread.run(UserInputRequestThread.java:24)
	at java.lang.Thread.run(Thread.java:748)
java.io.EOFException
	at java.io.ObjectInputStream$BlockDataInputStream.peekByte(ObjectInputStream.java:2950)
	at java.io.ObjectInputStream.readObject0(ObjectInputStream.java:1534)
	at java.io.ObjectInputStream.readObject(ObjectInputStream.java:427)
	at Server.UserInputRequestThread.run(UserInputRequestThread.java:24)
	at java.lang.Thread.run(Thread.java:748)
java.io.EOFException
	at java.io.ObjectInputStream$BlockDataInputStream.peekByte(ObjectInputStream.java:2950)
	at java.io.ObjectInputStream.readObject0(ObjectInputStream.java:1534)
	at java.io.ObjectInputStream.readObject(ObjectInputStream.java:427)
	at Server.UserInputRequestThread.run(UserInputRequestThread.java:24)
	at java.lang.Thread.run(Thread.java:748)
java.io.EOFException
	at java.io.ObjectInputStream$BlockDataInputStream.peekByte(ObjectInputStream.java:2950)
	at java.io.ObjectInputStream.readObject0(ObjectInputStream.java:1534)
	at java.io.ObjectInputStream.readObject(ObjectInputStream.java:427)
	at Server.UserInputRequestThread.run(UserInputRequestThread.java:24)
	at java.lang.Thread.run(Thread.java:748)
java.io.EOFException
	at java.io.ObjectInputStream$BlockDataInputStream.peekByte(ObjectInputStream.java:2950)
	at java.io.ObjectInputStream.readObject0(ObjectInputStream.java:1534)
	at java.io.ObjectInputStream.readObject(ObjectInputStream.java:427)
	at Server.UserInputRequestThread.run(UserInputRequestThread.java:24)
	at java.lang.Thread.run(Thread.java:748)
java.io.EOFException
	at java.io.ObjectInputStream$BlockDataInputStream.peekByte(ObjectInputStream.java:2950)
	at java.io.ObjectInputStream.readObject0(ObjectInputStream.java:1534)
	at java.io.ObjectInputStream.readObject(ObjectInputStream.java:427)
	at Server.UserInputRequestThread.run(UserInputRequestThread.java:24)
	at java.lang.Thread.run(Thread.java:748)
java.io.EOFException
	at java.io.ObjectInputStream$BlockDataInputStream.peekByte(ObjectInputStream.java:2950)
	at java.io.ObjectInputStream.readObject0(ObjectInputStream.java:1534)
	at java.io.ObjectInputStream.readObject(ObjectInputStream.java:427)
	at Server.UserInputRequestThread.run(UserInputRequestThread.java:24)
	at java.lang.Thread.run(Thread.java:748)
java.io.EOFException
	at java.io.ObjectInputStream$BlockDataInputStream.peekByte(ObjectInputStream.java:2950)
	at java.io.ObjectInputStream.readObject0(ObjectInputStream.java:1534)
	at java.io.ObjectInputStream.readObject(ObjectInputStream.java:427)
	at Server.UserInputRequestThread.run(UserInputRequestThread.java:24)
	at java.lang.Thread.run(Thread.java:748)
java.io.EOFException
	at java.io.ObjectInputStream$BlockDataInputStream.peekByte(ObjectInputStream.java:2950)
	at java.io.ObjectInputStream.readObject0(ObjectInputStream.java:1534)
	at java.io.ObjectInputStream.readObject(ObjectInputStream.java:427)
	at Server.UserInputRequestThread.run(UserInputRequestThread.java:24)
	at java.lang.Thread.run(Thread.java:748)
java.io.EOFException
	at java.io.ObjectInputStream$BlockDataInputStream.peekByte(ObjectInputStream.java:2950)
	at java.io.ObjectInputStream.readObject0(ObjectInputStream.java:1534)
	at java.io.ObjectInputStream.readObject(ObjectInputStream.java:427)
	at Server.UserInputRequestThread.run(UserInputRequestThread.java:24)
	at java.lang.Thread.run(Thread.java:748)
java.io.EOFException
	at java.io.ObjectInputStream$BlockDataInputStream.peekByte(ObjectInputStream.java:2950)
	at java.io.ObjectInputStream.readObject0(ObjectInputStream.java:1534)
	at java.io.ObjectInputStream.readObject(ObjectInputStream.java:427)
	at Server.UserInputRequestThread.run(UserInputRequestThread.java:24)
	at java.lang.Thread.run(Thread.java:748)
java.io.EOFException
	at java.io.ObjectInputStream$BlockDataInputStream.peekByte(ObjectInputStream.java:2950)
	at java.io.ObjectInputStream.readObject0(ObjectInputStream.java:1534)
	at java.io.ObjectInputStream.readObject(ObjectInputStream.java:427)
	at Server.UserInputRequestThread.run(UserInputRequestThread.java:24)
	at java.lang.Thread.run(Thread.java:748)
java.io.EOFException
	at java.io.ObjectInputStream$BlockDataInputStream.peekByte(ObjectInputStream.java:2950)
	at java.io.ObjectInputStream.readObject0(ObjectInputStream.java:1534)
	at java.io.ObjectInputStream.readObject(ObjectInputStream.java:427)
	at Server.UserInputRequestThread.run(UserInputRequestThread.java:24)
	at java.lang.Thread.run(Thread.java:748)
java.io.EOFException
	at java.io.ObjectInputStream$BlockDataInputStream.peekByte(ObjectInputStream.java:2950)
	at java.io.ObjectInputStream.readObject0(ObjectInputStream.java:1534)
	at java.io.ObjectInputStream.readObject(ObjectInputStream.java:427)
	at Server.UserInputRequestThread.run(UserInputRequestThread.java:24)
	at java.lang.Thread.run(Thread.java:748)
java.io.EOFException
	at java.io.ObjectInputStream$BlockDataInputStream.peekByte(ObjectInputStream.java:2950)
	at java.io.ObjectInputStream.readObject0(ObjectInputStream.java:1534)
	at java.io.ObjectInputStream.readObject(ObjectInputStream.java:427)
	at Server.UserInputRequestThread.run(UserInputRequestThread.java:24)
	at java.lang.Thread.run(Thread.java:748)
java.io.EOFException
	at java.io.ObjectInputStream$BlockDataInputStream.peekByte(ObjectInputStream.java:2950)
	at java.io.ObjectInputStream.readObject0(ObjectInputStream.java:1534)
	at java.io.ObjectInputStream.readObject(ObjectInputStream.java:427)
	at Server.UserInputRequestThread.run(UserInputRequestThread.java:24)
	at java.lang.Thread.run(Thread.java:748)
java.io.EOFException
	at java.io.ObjectInputStream$BlockDataInputStream.peekByte(ObjectInputStream.java:2950)
	at java.io.ObjectInputStream.readObject0(ObjectInputStream.java:1534)
	at java.io.ObjectInputStream.readObject(ObjectInputStream.java:427)
	at Server.UserInputRequestThread.run(UserInputRequestThread.java:24)
	at java.lang.Thread.run(Thread.java:748)
java.io.EOFException
	at java.io.ObjectInputStream$BlockDataInputStream.peekByte(ObjectInputStream.java:2950)
	at java.io.ObjectInputStream.readObject0(ObjectInputStream.java:1534)
	at java.io.ObjectInputStream.readObject(ObjectInputStream.java:427)
	at Server.UserInputRequestThread.run(UserInputRequestThread.java:24)
	at java.lang.Thread.run(Thread.java:748)
java.io.EOFException
	at java.io.ObjectInputStream$BlockDataInputStream.peekByte(ObjectInputStream.java:2950)
	at java.io.ObjectInputStream.readObject0(ObjectInputStream.java:1534)
	at java.io.ObjectInputStream.readObject(ObjectInputStream.java:427)
	at Server.UserInputRequestThread.run(UserInputRequestThread.java:24)
	at java.lang.Thread.run(Thread.java:748)
java.io.EOFException
	at java.io.ObjectInputStream$BlockDataInputStream.peekByte(ObjectInputStream.java:2950)
	at java.io.ObjectInputStream.readObject0(ObjectInputStream.java:1534)
	at java.io.ObjectInputStream.readObject(ObjectInputStream.java:427)
	at Server.UserInputRequestThread.run(UserInputRequestThread.java:24)
	at java.lang.Thread.run(Thread.java:748)
java.io.EOFException
	at java.io.ObjectInputStream$BlockDataInputStream.peekByte(ObjectInputStream.java:2950)
	at java.io.ObjectInputStream.readObject0(ObjectInputStream.java:1534)
	at java.io.ObjectInputStream.readObject(ObjectInputStream.java:427)
	at Server.UserInputRequestThread.run(UserInputRequestThread.java:24)
	at java.lang.Thread.run(Thread.java:748)
java.io.EOFException
	at java.io.ObjectInputStream$BlockDataInputStream.peekByte(ObjectInputStream.java:2950)
	at java.io.ObjectInputStream.readObject0(ObjectInputStream.java:1534)
	at java.io.ObjectInputStream.readObject(ObjectInputStream.java:427)
	at Server.UserInputRequestThread.run(UserInputRequestThread.java:24)
	at java.lang.Thread.run(Thread.java:748)
java.io.EOFException
	at java.io.ObjectInputStream$BlockDataInputStream.peekByte(ObjectInputStream.java:2950)
	at java.io.ObjectInputStream.readObject0(ObjectInputStream.java:1534)
	at java.io.ObjectInputStream.readObject(ObjectInputStream.java:427)
	at Server.UserInputRequestThread.run(UserInputRequestThread.java:24)
	at java.lang.Thread.run(Thread.java:748)
java.io.EOFException
	at java.io.ObjectInputStream$BlockDataInputStream.peekByte(ObjectInputStream.java:2950)
	at java.io.ObjectInputStream.readObject0(ObjectInputStream.java:1534)
	at java.io.ObjectInputStream.readObject(ObjectInputStream.java:427)
	at Server.UserInputRequestThread.run(UserInputRequestThread.java:24)
	at java.lang.Thread.run(Thread.java:748)
java.io.EOFException
	at java.io.ObjectInputStream$BlockDataInputStream.peekByte(ObjectInputStream.java:2950)
	at java.io.ObjectInputStream.readObject0(ObjectInputStream.java:1534)
	at java.io.ObjectInputStream.readObject(ObjectInputStream.java:427)
	at Server.UserInputRequestThread.run(UserInputRequestThread.java:24)
	at java.lang.Thread.run(Thread.java:748)
java.io.EOFException
	at java.io.ObjectInputStream$BlockDataInputStream.peekByte(ObjectInputStream.java:2950)
	at java.io.ObjectInputStream.readObject0(ObjectInputStream.java:1534)
	at java.io.ObjectInputStream.readObject(ObjectInputStream.java:427)
	at Server.UserInputRequestThread.run(UserInputRequestThread.java:24)
	at java.lang.Thread.run(Thread.java:748)
java.io.EOFException
	at java.io.ObjectInputStream$BlockDataInputStream.peekByte(ObjectInputStream.java:2950)
	at java.io.ObjectInputStream.readObject0(ObjectInputStream.java:1534)
	at java.io.ObjectInputStream.readObject(ObjectInputStream.java:427)
	at Server.UserInputRequestThread.run(UserInputRequestThread.java:24)
	at java.lang.Thread.run(Thread.java:748)
java.io.EOFException
	at java.io.ObjectInputStream$BlockDataInputStream.peekByte(ObjectInputStream.java:2950)
	at java.io.ObjectInputStream.readObject0(ObjectInputStream.java:1534)
	at java.io.ObjectInputStream.readObject(ObjectInputStream.java:427)
	at Server.UserInputRequestThread.run(UserInputRequestThread.java:24)
	at java.lang.Thread.run(Thread.java:748)
java.io.EOFException
	at java.io.ObjectInputStream$BlockDataInputStream.peekByte(ObjectInputStream.java:2950)
	at java.io.ObjectInputStream.readObject0(ObjectInputStream.java:1534)
	at java.io.ObjectInputStream.readObject(ObjectInputStream.java:427)
	at Server.UserInputRequestThread.run(UserInputRequestThread.java:24)
	at java.lang.Thread.run(Thread.java:748)
java.io.EOFException
	at java.io.ObjectInputStream$BlockDataInputStream.peekByte(ObjectInputStream.java:2950)
	at java.io.ObjectInputStream.readObject0(ObjectInputStream.java:1534)
	at java.io.ObjectInputStream.readObject(ObjectInputStream.java:427)
	at Server.UserInputRequestThread.run(UserInputRequestThread.java:24)
	at java.lang.Thread.run(Thread.java:748)
java.io.EOFException
	at java.io.ObjectInputStream$BlockDataInputStream.peekByte(ObjectInputStream.java:2950)
	at java.io.ObjectInputStream.readObject0(ObjectInputStream.java:1534)
	at java.io.ObjectInputStream.readObject(ObjectInputStream.java:427)
	at Server.UserInputRequestThread.run(UserInputRequestThread.java:24)
	at java.lang.Thread.run(Thread.java:748)
java.io.EOFException
	at java.io.ObjectInputStream$BlockDataInputStream.peekByte(ObjectInputStream.java:2950)
	at java.io.ObjectInputStream.readObject0(ObjectInputStream.java:1534)
	at java.io.ObjectInputStream.readObject(ObjectInputStream.java:427)
	at Server.UserInputRequestThread.run(UserInputRequestThread.java:24)
	at java.lang.Thread.run(Thread.java:748)
java.io.EOFException
	at java.io.ObjectInputStream$BlockDataInputStream.peekByte(ObjectInputStream.java:2950)
	at java.io.ObjectInputStream.readObject0(ObjectInputStream.java:1534)
	at java.io.ObjectInputStream.readObject(ObjectInputStream.java:427)
	at Server.UserInputRequestThread.run(UserInputRequestThread.java:24)
	at java.lang.Thread.run(Thread.java:748)
java.io.EOFException
	at java.io.ObjectInputStream$BlockDataInputStream.peekByte(ObjectInputStream.java:2950)
	at java.io.ObjectInputStream.readObject0(ObjectInputStream.java:1534)
	at java.io.ObjectInputStream.readObject(ObjectInputStream.java:427)
	at Server.UserInputRequestThread.run(UserInputRequestThread.java:24)
	at java.lang.Thread.run(Thread.java:748)
java.io.EOFException
	at java.io.ObjectInputStream$BlockDataInputStream.peekByte(ObjectInputStream.java:2950)
	at java.io.ObjectInputStream.readObject0(ObjectInputStream.java:1534)
	at java.io.ObjectInputStream.readObject(ObjectInputStream.java:427)
	at Server.UserInputRequestThread.run(UserInputRequestThread.java:24)
	at java.lang.Thread.run(Thread.java:748)
java.io.EOFException
	at java.io.ObjectInputStream$BlockDataInputStream.peekByte(ObjectInputStream.java:2950)
	at java.io.ObjectInputStream.readObject0(ObjectInputStream.java:1534)
	at java.io.ObjectInputStream.readObject(ObjectInputStream.java:427)
	at Server.UserInputRequestThread.run(UserInputRequestThread.java:24)
	at java.lang.Thread.run(Thread.java:748)
java.io.EOFException
	at java.io.ObjectInputStream$BlockDataInputStream.peekByte(ObjectInputStream.java:2950)
	at java.io.ObjectInputStream.readObject0(ObjectInputStream.java:1534)
	at java.io.ObjectInputStream.readObject(ObjectInputStream.java:427)
	at Server.UserInputRequestThread.run(UserInputRequestThread.java:24)
	at java.lang.Thread.run(Thread.java:748)
java.io.EOFException
	at java.io.ObjectInputStream$BlockDataInputStream.peekByte(ObjectInputStream.java:2950)
	at java.io.ObjectInputStream.readObject0(ObjectInputStream.java:1534)
	at java.io.ObjectInputStream.readObject(ObjectInputStream.java:427)
	at Server.UserInputRequestThread.run(UserInputRequestThread.java:24)
	at java.lang.Thread.run(Thread.java:748)
java.io.EOFException
	at java.io.ObjectInputStream$BlockDataInputStream.peekByte(ObjectInputStream.java:2950)
	at java.io.ObjectInputStream.readObject0(ObjectInputStream.java:1534)
	at java.io.ObjectInputStream.readObject(ObjectInputStream.java:427)
	at Server.UserInputRequestThread.run(UserInputRequestThread.java:24)
	at java.lang.Thread.run(Thread.java:748)
java.io.EOFException
	at java.io.ObjectInputStream$BlockDataInputStream.peekByte(ObjectInputStream.java:2950)
	at java.io.ObjectInputStream.readObject0(ObjectInputStream.java:1534)
	at java.io.ObjectInputStream.readObject(ObjectInputStream.java:427)
	at Server.UserInputRequestThread.run(UserInputRequestThread.java:24)
	at java.lang.Thread.run(Thread.java:748)
java.io.EOFException
	at java.io.ObjectInputStream$BlockDataInputStream.peekByte(ObjectInputStream.java:2950)
	at java.io.ObjectInputStream.readObject0(ObjectInputStream.java:1534)
	at java.io.ObjectInputStream.readObject(ObjectInputStream.java:427)
	at Server.UserInputRequestThread.run(UserInputRequestThread.java:24)
	at java.lang.Thread.run(Thread.java:748)
java.io.EOFException
	at java.io.ObjectInputStream$BlockDataInputStream.peekByte(ObjectInputStream.java:2950)
	at java.io.ObjectInputStream.readObject0(ObjectInputStream.java:1534)
	at java.io.ObjectInputStream.readObject(ObjectInputStream.java:427)
	at Server.UserInputRequestThread.run(UserInputRequestThread.java:24)
	at java.lang.Thread.run(Thread.java:748)
java.io.EOFException
	at java.io.ObjectInputStream$BlockDataInputStream.peekByte(ObjectInputStream.java:2950)
	at java.io.ObjectInputStream.readObject0(ObjectInputStream.java:1534)
	at java.io.ObjectInputStream.readObject(ObjectInputStream.java:427)
	at Server.UserInputRequestThread.run(UserInputRequestThread.java:24)
	at java.lang.Thread.run(Thread.java:748)
java.io.EOFException
	at java.io.ObjectInputStream$BlockDataInputStream.peekByte(ObjectInputStream.java:2950)
	at java.io.ObjectInputStream.readObject0(ObjectInputStream.java:1534)
	at java.io.ObjectInputStream.readObject(ObjectInputStream.java:427)
	at Server.UserInputRequestThread.run(UserInputRequestThread.java:24)
	at java.lang.Thread.run(Thread.java:748)
java.io.EOFException
	at java.io.ObjectInputStream$BlockDataInputStream.peekByte(ObjectInputStream.java:2950)
	at java.io.ObjectInputStream.readObject0(ObjectInputStream.java:1534)
	at java.io.ObjectInputStream.readObject(ObjectInputStream.java:427)
	at Server.UserInputRequestThread.run(UserInputRequestThread.java:24)
	at java.lang.Thread.run(Thread.java:748)
java.io.EOFException
	at java.io.ObjectInputStream$BlockDataInputStream.peekByte(ObjectInputStream.java:2950)
	at java.io.ObjectInputStream.readObject0(ObjectInputStream.java:1534)
	at java.io.ObjectInputStream.readObject(ObjectInputStream.java:427)
	at Server.UserInputRequestThread.run(UserInputRequestThread.java:24)
	at java.lang.Thread.run(Thread.java:748)
java.io.EOFException
	at java.io.ObjectInputStream$BlockDataInputStream.peekByte(ObjectInputStream.java:2950)
	at java.io.ObjectInputStream.readObject0(ObjectInputStream.java:1534)
	at java.io.ObjectInputStream.readObject(ObjectInputStream.java:427)
	at Server.UserInputRequestThread.run(UserInputRequestThread.java:24)
	at java.lang.Thread.run(Thread.java:748)
java.io.EOFException
	at java.io.ObjectInputStream$BlockDataInputStream.peekByte(ObjectInputStream.java:2950)
	at java.io.ObjectInputStream.readObject0(ObjectInputStream.java:1534)
	at java.io.ObjectInputStream.readObject(ObjectInputStream.java:427)
	at Server.UserInputRequestThread.run(UserInputRequestThread.java:24)
	at java.lang.Thread.run(Thread.java:748)
java.io.EOFException
	at java.io.ObjectInputStream$BlockDataInputStream.peekByte(ObjectInputStream.java:2950)
	at java.io.ObjectInputStream.readObject0(ObjectInputStream.java:1534)
	at java.io.ObjectInputStream.readObject(ObjectInputStream.java:427)
	at Server.UserInputRequestThread.run(UserInputRequestThread.java:24)
	at java.lang.Thread.run(Thread.java:748)
java.io.EOFException
	at java.io.ObjectInputStream$BlockDataInputStream.peekByte(ObjectInputStream.java:2950)
	at java.io.ObjectInputStream.readObject0(ObjectInputStream.java:1534)
	at java.io.ObjectInputStream.readObject(ObjectInputStream.java:427)
	at Server.UserInputRequestThread.run(UserInputRequestThread.java:24)
	at java.lang.Thread.run(Thread.java:748)
java.io.EOFException
[...]
java.io.EOFException
	at java.io.ObjectInputStream$BlockDataInputStream.peekByte(ObjectInputStream.java:2950)
	at java.io.ObjectInputStream.readObject0(ObjectInputStream.java:1534)
	at java.io.ObjectInputStream.readObject(ObjectInputStream.java:427)
	at Server.UserInputRequestThread.run(UserInputRequestThread.java:24)
	at java.lang.Thread.run(Thread.java:748)
java.io.EOFException
	at java.io.ObjectInputStream$BlockDataInputStream.peekByte(ObjectInputStream.java:2950)
	at java.io.ObjectInputStream.readObject0(ObjectInputStream.java:1534)
	at java.io.ObjectInputStream.readObject(ObjectInputStream.java:427)
	at Server.UserInputRequestThread.run(UserInputRequestThread.java:24)
	at java.lang.Thread.run(Thread.java:748)
java.io.EOFException
	at java.io.ObjectInputStream$BlockDataInputStream.peekByte(ObjectInputStream.java:2950)
	at java.io.ObjectInputStream.readObject0(ObjectInputStream.java:1534)
	at java.io.ObjectInputStream.readObject(ObjectInputStream.java:427)
	at Server.UserInputRequestThread.run(UserInputRequestThread.java:24)
	at java.lang.Thread.run(Thread.java:748)
java.io.EOFException
	at java.io.ObjectInputStream$BlockDataInputStream.peekByte(ObjectInputStream.java:2950)
	at java.io.ObjectInputStream.readObject0(ObjectInputStream.java:1534)
	at java.io.ObjectInputStream.readObject(ObjectInputStream.java:427)
	at Server.UserInputRequestThread.run(UserInputRequestThread.java:24)
	at java.lang.Thread.run(Thread.java:748)
java.io.EOFException
	at java.io.ObjectInputStream$BlockDataInputStream.peekByte(ObjectInputStream.java:2950)
	at java.io.ObjectInputStream.readObject0(ObjectInputStream.java:1534)
	at java.io.ObjectInputStream.readObject(ObjectInputStream.java:427)
	at Server.UserInputRequestThread.run(UserInputRequestThread.java:24)
	at java.lang.Thread.run(Thread.java:748)
java.io.EOFException
	at java.io.ObjectInputStream$BlockDataInputStream.peekByte(ObjectInputStream.java:2950)
	at java.io.ObjectInputStream.readObject0(ObjectInputStream.java:1534)
	at java.io.ObjectInputStream.readObject(ObjectInputStream.java:427)
	at Server.UserInputRequestThread.run(UserInputRequestThread.java:24)
	at java.lang.Thread.run(Thread.java:748)
java.io.EOFException
	at java.io.ObjectInputStream$BlockDataInputStream.peekByte(ObjectInputStream.java:2950)
	at java.io.ObjectInputStream.readObject0(ObjectInputStream.java:1534)
	at java.io.ObjectInputStream.readObject(ObjectInputStream.java:427)
	at Server.UserInputRequestThread.run(UserInputRequestThread.java:24)
	at java.lang.Thread.run(Thread.java:748)
java.io.EOFException
	at java.io.ObjectInputStream$BlockDataInputStream.peekByte(ObjectInputStream.java:2950)
	at java.io.ObjectInputStream.readObject0(ObjectInputStream.java:1534)
	at java.io.ObjectInputStream.readObject(ObjectInputStream.java:427)
	at Server.UserInputRequestThread.run(UserInputRequestThread.java:24)
	at java.lang.Thread.run(Thread.java:748)
java.io.EOFException
	at java.io.ObjectInputStream$BlockDataInputStream.peekByte(ObjectInputStream.java:2950)
	at java.io.ObjectInputStream.readObject0(ObjectInputStream.java:1534)
	at java.io.ObjectInputStream.readObject(ObjectInputStream.java:427)
	at Server.UserInputRequestThread.run(UserInputRequestThread.java:24)
	at java.lang.Thread.run(Thread.java:748)
java.io.EOFException
	at java.io.ObjectInputStream$BlockDataInputStream.peekByte(ObjectInputStream.java:2950)
	at java.io.ObjectInputStream.readObject0(ObjectInputStream.java:1534)
	at java.io.ObjectInputStream.readObject(ObjectInputStream.java:427)
	at Server.UserInputRequestThread.run(UserInputRequestThread.java:24)
	at java.lang.Thread.run(Thread.java:748)
java.io.EOFException
	at java.io.ObjectInputStream$BlockDataInputStream.peekByte(ObjectInputStream.java:2950)
	at java.io.ObjectInputStream.readObject0(ObjectInputStream.java:1534)
	at java.io.ObjectInputStream.readObject(ObjectInputStream.java:427)
	at Server.UserInputRequestThread.run(UserInputRequestThread.java:24)
	at java.lang.Thread.run(Thread.java:748)
java.io.EOFException
	at java.io.ObjectInputStream$BlockDataInputStream.peekByte(ObjectInputStream.java:2950)
	at java.io.ObjectInputStream.readObject0(ObjectInputStream.java:1534)
	at java.io.ObjectInputStream.readObject(ObjectInputStream.java:427)
	at Server.UserInputRequestThread.run(UserInputRequestThread.java:24)
	at java.lang.Thread.run(Thread.java:748)
java.io.EOFException
	at java.io.ObjectInputStream$BlockDataInputStream.peekByte(ObjectInputStream.java:2950)
	at java.io.ObjectInputStream.readObject0(ObjectInputStream.java:1534)
	at java.io.ObjectInputStream.readObject(ObjectInputStream.java:427)
	at Server.UserInputRequestThread.run(UserInputRequestThread.java:24)
	at java.lang.Thread.run(Thread.java:748)
java.io.EOFException
	at java.io.ObjectInputStream$BlockDataInputStream.peekByte(ObjectInputStream.java:2950)
	at java.io.ObjectInputStream.readObject0(ObjectInputStream.java:1534)
	at java.io.ObjectInputStream.readObject(ObjectInputStream.java:427)
	at Server.UserInputRequestThread.run(UserInputRequestThread.java:24)
	at java.lang.Thread.run(Thread.java:748)
java.io.EOFException
	at java.io.ObjectInputStream$BlockDataInputStream.peekByte(ObjectInputStream.java:2950)
	at java.io.ObjectInputStream.readObject0(ObjectInputStream.java:1534)
	at java.io.ObjectInputStream.readObject(ObjectInputStream.java:427)
	at Server.UserInputRequestThread.run(UserInputRequestThread.java:24)
	at java.lang.Thread.run(Thread.java:748)
java.io.EOFException
	at java.io.ObjectInputStream$BlockDataInputStream.peekByte(ObjectInputStream.java:2950)
	at java.io.ObjectInputStream.readObject0(ObjectInputStream.java:1534)
	at java.io.ObjectInputStream.readObject(ObjectInputStream.java:427)
	at Server.UserInputRequestThread.run(UserInputRequestThread.java:24)
	at java.lang.Thread.run(Thread.java:748)
java.io.EOFException
	at java.io.ObjectInputStream$BlockDataInputStream.peekByte(ObjectInputStream.java:2950)
	at java.io.ObjectInputStream.readObject0(ObjectInputStream.java:1534)
	at java.io.ObjectInputStream.readObject(ObjectInputStream.java:427)
	at Server.UserInputRequestThread.run(UserInputRequestThread.java:24)
	at java.lang.Thread.run(Thread.java:748)
java.io.EOFException
	at java.io.ObjectInputStream$BlockDataInputStream.peekByte(ObjectInputStream.java:2950)
	at java.io.ObjectInputStream.readObject0(ObjectInputStream.java:1534)
	at java.io.ObjectInputStream.readObject(ObjectInputStream.java:427)
	at Server.UserInputRequestThread.run(UserInputRequestThread.java:24)
	at java.lang.Thread.run(Thread.java:748)
java.io.EOFException
	at java.io.ObjectInputStream$BlockDataInputStream.peekByte(ObjectInputStream.java:2950)
	at java.io.ObjectInputStream.readObject0(ObjectInputStream.java:1534)
	at java.io.ObjectInputStream.readObject(ObjectInputStream.java:427)
	at Server.UserInputRequestThread.run(UserInputRequestThread.java:24)
	at java.lang.Thread.run(Thread.java:748)
java.io.EOFException
	at java.io.ObjectInputStream$BlockDataInputStream.peekByte(ObjectInputStream.java:2950)
	at java.io.ObjectInputStream.readObject0(ObjectInputStream.java:1534)
	at java.io.ObjectInputStream.readObject(ObjectInputStream.java:427)
	at Server.UserInputRequestThread.run(UserInputRequestThread.java:24)
	at java.lang.Thread.run(Thread.java:748)
java.io.EOFException
	at java.io.ObjectInputStream$BlockDataInputStream.peekByte(ObjectInputStream.java:2950)
	at java.io.ObjectInputStream.readObject0(ObjectInputStream.java:1534)
	at java.io.ObjectInputStream.readObject(ObjectInputStream.java:427)
	at Server.UserInputRequestThread.run(UserInputRequestThread.java:24)
	at java.lang.Thread.run(Thread.java:748)
java.io.EOFException
	at java.io.ObjectInputStream$BlockDataInputStream.peekByte(ObjectInputStream.java:2950)
	at java.io.ObjectInputStream.readObject0(ObjectInputStream.java:1534)
	at java.io.ObjectInputStream.readObject(ObjectInputStream.java:427)
	at Server.UserInputRequestThread.run(UserInputRequestThread.java:24)
	at java.lang.Thread.run(Thread.java:748)
java.io.EOFException
	at java.io.ObjectInputStream$BlockDataInputStream.peekByte(ObjectInputStream.java:2950)
	at java.io.ObjectInputStream.readObject0(ObjectInputStream.java:1534)
	at java.io.ObjectInputStream.readObject(ObjectInputStream.java:427)
	at Server.UserInputRequestThread.run(UserInputRequestThread.java:24)
	at java.lang.Thread.run(Thread.java:748)
java.io.EOFException
	at java.io.ObjectInputStream$BlockDataInputStream.peekByte(ObjectInputStream.java:2950)
	at java.io.ObjectInputStream.readObject0(ObjectInputStream.java:1534)
	at java.io.ObjectInputStream.readObject(ObjectInputStream.java:427)
	at Server.UserInputRequestThread.run(UserInputRequestThread.java:24)
	at java.lang.Thread.run(Thread.java:748)
java.io.EOFException
	at java.io.ObjectInputStream$BlockDataInputStream.peekByte(ObjectInputStream.java:2950)
	at java.io.ObjectInputStream.readObject0(ObjectInputStream.java:1534)
	at java.io.ObjectInputStream.readObject(ObjectInputStream.java:427)
	at Server.UserInputRequestThread.run(UserInputRequestThread.java:24)
	at java.lang.Thread.run(Thread.java:748)
java.io.EOFException
	at java.io.ObjectInputStream$BlockDataInputStream.peekByte(ObjectInputStream.java:2950)
	at java.io.ObjectInputStream.readObject0(ObjectInputStream.java:1534)
	at java.io.ObjectInputStream.readObject(ObjectInputStream.java:427)
	at Server.UserInputRequestThread.run(UserInputRequestThread.java:24)
	at java.lang.Thread.run(Thread.java:748)
java.io.EOFException
	at java.io.ObjectInputStream$BlockDataInputStream.peekByte(ObjectInputStream.java:2950)
	at java.io.ObjectInputStream.readObject0(ObjectInputStream.java:1534)
	at java.io.ObjectInputStream.readObject(ObjectInputStream.java:427)
	at Server.UserInputRequestThread.run(UserInputRequestThread.java:24)
	at java.lang.Thread.run(Thread.java:748)
java.io.EOFException
	at java.io.ObjectInputStream$BlockDataInputStream.peekByte(ObjectInputStream.java:2950)
	at java.io.ObjectInputStream.readObject0(ObjectInputStream.java:1534)
	at java.io.ObjectInputStream.readObject(ObjectInputStream.java:427)
	at Server.UserInputRequestThread.run(UserInputRequestThread.java:24)
	at java.lang.Thread.run(Thread.java:748)
java.io.EOFException
	at java.io.ObjectInputStream$BlockDataInputStream.peekByte(ObjectInputStream.java:2950)
	at java.io.ObjectInputStream.readObject0(ObjectInputStream.java:1534)
	at java.io.ObjectInputStream.readObject(ObjectInputStream.java:427)
	at Server.UserInputRequestThread.run(UserInputRequestThread.java:24)
	at java.lang.Thread.run(Thread.java:748)
java.io.EOFException
	at java.io.ObjectInputStream$BlockDataInputStream.peekByte(ObjectInputStream.java:2950)
	at java.io.ObjectInputStream.readObject0(ObjectInputStream.java:1534)
	at java.io.ObjectInputStream.readObject(ObjectInputStream.java:427)
	at Server.UserInputRequestThread.run(UserInputRequestThread.java:24)
	at java.lang.Thread.run(Thread.java:748)
java.io.EOFException
	at java.io.ObjectInputStream$BlockDataInputStream.peekByte(ObjectInputStream.java:2950)
	at java.io.ObjectInputStream.readObject0(ObjectInputStream.java:1534)
	at java.io.ObjectInputStream.readObject(ObjectInputStream.java:427)
	at Server.UserInputRequestThread.run(UserInputRequestThread.java:24)
	at java.lang.Thread.run(Thread.java:748)
java.io.EOFException
	at java.io.ObjectInputStream$BlockDataInputStream.peekByte(ObjectInputStream.java:2950)
	at java.io.ObjectInputStream.readObject0(ObjectInputStream.java:1534)
	at java.io.ObjectInputStream.readObject(ObjectInputStream.java:427)
	at Server.UserInputRequestThread.run(UserInputRequestThread.java:24)
	at java.lang.Thread.run(Thread.java:748)
java.io.EOFException
	at java.io.ObjectInputStream$BlockDataInputStream.peekByte(ObjectInputStream.java:2950)
	at java.io.ObjectInputStream.readObject0(ObjectInputStream.java:1534)
	at java.io.ObjectInputStream.readObject(ObjectInputStream.java:427)
	at Server.UserInputRequestThread.run(UserInputRequestThread.java:24)
	at java.lang.Thread.run(Thread.java:748)
java.io.EOFException
	at java.io.ObjectInputStream$BlockDataInputStream.peekByte(ObjectInputStream.java:2950)
	at java.io.ObjectInputStream.readObject0(ObjectInputStream.java:1534)
	at java.io.ObjectInputStream.readObject(ObjectInputStream.java:427)
	at Server.UserInputRequestThread.run(UserInputRequestThread.java:24)
	at java.lang.Thread.run(Thread.java:748)
java.io.EOFException
	at java.io.ObjectInputStream$BlockDataInputStream.peekByte(ObjectInputStream.java:2950)
	at java.io.ObjectInputStream.readObject0(ObjectInputStream.java:1534)
	at java.io.ObjectInputStream.readObject(ObjectInputStream.java:427)
	at Server.UserInputRequestThread.run(UserInputRequestThread.java:24)
	at java.lang.Thread.run(Thread.java:748)
java.io.EOFException
	at java.io.ObjectInputStream$BlockDataInputStream.peekByte(ObjectInputStream.java:2950)
	at java.io.ObjectInputStream.readObject0(ObjectInputStream.java:1534)
	at java.io.ObjectInputStream.readObject(ObjectInputStream.java:427)
	at Server.UserInputRequestThread.run(UserInputRequestThread.java:24)
	at java.lang.Thread.run(Thread.java:748)
java.io.EOFException
	at java.io.ObjectInputStream$BlockDataInputStream.peekByte(ObjectInputStream.java:2950)
	at java.io.ObjectInputStream.readObject0(ObjectInputStream.java:1534)
	at java.io.ObjectInputStream.readObject(ObjectInputStream.java:427)
	at Server.UserInputRequestThread.run(UserInputRequestThread.java:24)
	at java.lang.Thread.run(Thread.java:748)
java.io.EOFException
	at java.io.ObjectInputStream$BlockDataInputStream.peekByte(ObjectInputStream.java:2950)
	at java.io.ObjectInputStream.readObject0(ObjectInputStream.java:1534)
	at java.io.ObjectInputStream.readObject(ObjectInputStream.java:427)
	at Server.UserInputRequestThread.run(UserInputRequestThread.java:24)
	at java.lang.Thread.run(Thread.java:748)
java.io.EOFException
	at java.io.ObjectInputStream$BlockDataInputStream.peekByte(ObjectInputStream.java:2950)
	at java.io.ObjectInputStream.readObject0(ObjectInputStream.java:1534)
	at java.io.ObjectInputStream.readObject(ObjectInputStream.java:427)
	at Server.UserInputRequestThread.run(UserInputRequestThread.java:24)
	at java.lang.Thread.run(Thread.java:748)
java.io.EOFException
	at java.io.ObjectInputStream$BlockDataInputStream.peekByte(ObjectInputStream.java:2950)
	at java.io.ObjectInputStream.readObject0(ObjectInputStream.java:1534)
	at java.io.ObjectInputStream.readObject(ObjectInputStream.java:427)
	at Server.UserInputRequestThread.run(UserInputRequestThread.java:24)
	at java.lang.Thread.run(Thread.java:748)
java.io.EOFException
	at java.io.ObjectInputStream$BlockDataInputStream.peekByte(ObjectInputStream.java:2950)
	at java.io.ObjectInputStream.readObject0(ObjectInputStream.java:1534)
	at java.io.ObjectInputStream.readObject(ObjectInputStream.java:427)
	at Server.UserInputRequestThread.run(UserInputRequestThread.java:24)
	at java.lang.Thread.run(Thread.java:748)
java.io.EOFException
	at java.io.ObjectInputStream$BlockDataInputStream.peekByte(ObjectInputStream.java:2950)
	at java.io.ObjectInputStream.readObject0(ObjectInputStream.java:1534)
	at java.io.ObjectInputStream.readObject(ObjectInputStream.java:427)
	at Server.UserInputRequestThread.run(UserInputRequestThread.java:24)
	at java.lang.Thread.run(Thread.java:748)
java.io.EOFException
	at java.io.ObjectInputStream$BlockDataInputStream.peekByte(ObjectInputStream.java:2950)
	at java.io.ObjectInputStream.readObject0(ObjectInputStream.java:1534)
	at java.io.ObjectInputStream.readObject(ObjectInputStream.java:427)
	at Server.UserInputRequestThread.run(UserInputRequestThread.java:24)
	at java.lang.Thread.run(Thread.java:748)
java.io.EOFException
	at java.io.ObjectInputStream$BlockDataInputStream.peekByte(ObjectInputStream.java:2950)
	at java.io.ObjectInputStream.readObject0(ObjectInputStream.java:1534)
	at java.io.ObjectInputStream.readObject(ObjectInputStream.java:427)
	at Server.UserInputRequestThread.run(UserInputRequestThread.java:24)
	at java.lang.Thread.run(Thread.java:748)
java.io.EOFException
	at java.io.ObjectInputStream$BlockDataInputStream.peekByte(ObjectInputStream.java:2950)
	at java.io.ObjectInputStream.readObject0(ObjectInputStream.java:1534)
	at java.io.ObjectInputStream.readObject(ObjectInputStream.java:427)
	at Server.UserInputRequestThread.run(UserInputRequestThread.java:24)
	at java.lang.Thread.run(Thread.java:748)
java.io.EOFException
	at java.io.ObjectInputStream$BlockDataInputStream.peekByte(ObjectInputStream.java:2950)
	at java.io.ObjectInputStream.readObject0(ObjectInputStream.java:1534)
	at java.io.ObjectInputStream.readObject(ObjectInputStream.java:427)
	at Server.UserInputRequestThread.run(UserInputRequestThread.java:24)
	at java.lang.Thread.run(Thread.java:748)
java.io.EOFException
	at java.io.ObjectInputStream$BlockDataInputStream.peekByte(ObjectInputStream.java:2950)
	at java.io.ObjectInputStream.readObject0(ObjectInputStream.java:1534)
	at java.io.ObjectInputStream.readObject(ObjectInputStream.java:427)
	at Server.UserInputRequestThread.run(UserInputRequestThread.java:24)
	at java.lang.Thread.run(Thread.java:748)
java.io.EOFException
	at java.io.ObjectInputStream$BlockDataInputStream.peekByte(ObjectInputStream.java:2950)
	at java.io.ObjectInputStream.readObject0(ObjectInputStream.java:1534)
	at java.io.ObjectInputStream.readObject(ObjectInputStream.java:427)
	at Server.UserInputRequestThread.run(UserInputRequestThread.java:24)
	at java.lang.Thread.run(Thread.java:748)
java.io.EOFException
	at java.io.ObjectInputStream$BlockDataInputStream.peekByte(ObjectInputStream.java:2950)
	at java.io.ObjectInputStream.readObject0(ObjectInputStream.java:1534)
	at java.io.ObjectInputStream.readObject(ObjectInputStream.java:427)
	at Server.UserInputRequestThread.run(UserInputRequestThread.java:24)
	at java.lang.Thread.run(Thread.java:748)
java.io.EOFException
	at java.io.ObjectInputStream$BlockDataInputStream.peekByte(ObjectInputStream.java:2950)
	at java.io.ObjectInputStream.readObject0(ObjectInputStream.java:1534)
	at java.io.ObjectInputStream.readObject(ObjectInputStream.java:427)
	at Server.UserInputRequestThread.run(UserInputRequestThread.java:24)
	at java.lang.Thread.run(Thread.java:748)
java.io.EOFException
	at java.io.ObjectInputStream$BlockDataInputStream.peekByte(ObjectInputStream.java:2950)
	at java.io.ObjectInputStream.readObject0(ObjectInputStream.java:1534)
	at java.io.ObjectInputStream.readObject(ObjectInputStream.java:427)
	at Server.UserInputRequestThread.run(UserInputRequestThread.java:24)
	at java.lang.Thread.run(Thread.java:748)
java.io.EOFException
	at java.io.ObjectInputStream$BlockDataInputStream.peekByte(ObjectInputStream.java:2950)
	at java.io.ObjectInputStream.readObject0(ObjectInputStream.java:1534)
	at java.io.ObjectInputStream.readObject(ObjectInputStream.java:427)
	at Server.UserInputRequestThread.run(UserInputRequestThread.java:24)
	at java.lang.Thread.run(Thread.java:748)
java.io.EOFException
	at java.io.ObjectInputStream$BlockDataInputStream.peekByte(ObjectInputStream.java:2950)
	at java.io.ObjectInputStream.readObject0(ObjectInputStream.java:1534)
	at java.io.ObjectInputStream.readObject(ObjectInputStream.java:427)
	at Server.UserInputRequestThread.run(UserInputRequestThread.java:24)
	at java.lang.Thread.run(Thread.java:748)
java.io.EOFException
	at java.io.ObjectInputStream$BlockDataInputStream.peekByte(ObjectInputStream.java:2950)
	at java.io.ObjectInputStream.readObject0(ObjectInputStream.java:1534)
	at java.io.ObjectInputStream.readObject(ObjectInputStream.java:427)
	at Server.UserInputRequestThread.run(UserInputRequestThread.java:24)
	at java.lang.Thread.run(Thread.java:748)
java.io.EOFException
	at java.io.ObjectInputStream$BlockDataInputStream.peekByte(ObjectInputStream.java:2950)
	at java.io.ObjectInputStream.readObject0(ObjectInputStream.java:1534)
	at java.io.ObjectInputStream.readObject(ObjectInputStream.java:427)
	at Server.UserInputRequestThread.run(UserInputRequestThread.java:24)
	at java.lang.Thread.run(Thread.java:748)
java.io.EOFException
]]></system-err>
</testsuite>
